@!@!@STARTMSG 2262:0 @!@!@
TLC2 Version 2.15 of Day Month 20?? (rev: eb3ff99)
@!@!@ENDMSG 2262 @!@!@
@!@!@STARTMSG 2187:0 @!@!@
Running breadth-first search Model-Checking with fp 55 and seed 8343657309319955088 with 6 workers on 12 cores with 1179MB heap and 2647MB offheap memory [pid: 676] (Windows 10 10.0 amd64, AdoptOpenJDK 14.0.1 x86_64, OffHeapDiskFPSet, DiskStateQueue).
@!@!@ENDMSG 2187 @!@!@
@!@!@STARTMSG 2220:0 @!@!@
Starting SANY...
@!@!@ENDMSG 2220 @!@!@
Parsing file C:\TLA\Spec\ParallelRaftModified.toolbox\Model_1\MC.tla
Parsing file C:\TLA\Spec\ParallelRaftModified.toolbox\Model_1\ParallelRaftModified.tla
Parsing file C:\TLA\toolbox\plugins\org.lamport.tlatools_1.0.0.202004251858\tla2sany\StandardModules\TLC.tla
Parsing file C:\TLA\toolbox\plugins\org.lamport.tlatools_1.0.0.202004251858\tla2sany\StandardModules\Integers.tla
Parsing file C:\cygwin\usr\local\lib\tlaps\FiniteSets.tla
Parsing file C:\TLA\toolbox\plugins\org.lamport.tlatools_1.0.0.202004251858\tla2sany\StandardModules\Sequences.tla
Parsing file C:\TLA\toolbox\plugins\org.lamport.tlatools_1.0.0.202004251858\tla2sany\StandardModules\Naturals.tla
Semantic processing of module Naturals
Semantic processing of module Integers
Semantic processing of module Sequences
Semantic processing of module FiniteSets
Semantic processing of module TLC
Semantic processing of module ParallelRaftModified
Semantic processing of module MC
@!@!@STARTMSG 2219:0 @!@!@
SANY finished.
@!@!@ENDMSG 2219 @!@!@
@!@!@STARTMSG 2185:0 @!@!@
Starting... (2020-06-26 17:39:22)
@!@!@ENDMSG 2185 @!@!@
@!@!@STARTMSG 2189:0 @!@!@
Computing initial states...
@!@!@ENDMSG 2189 @!@!@
@!@!@STARTMSG 2190:0 @!@!@
Finished computing initial states: 1 distinct state generated at 2020-06-26 17:39:23.
@!@!@ENDMSG 2190 @!@!@
@!@!@STARTMSG 2200:0 @!@!@
Progress(12) at 2020-06-26 17:39:26: 107,033 states generated (107,033 s/min), 27,231 distinct states found (27,231 ds/min), 18,955 states left on queue.
@!@!@ENDMSG 2200 @!@!@
@!@!@STARTMSG 2200:0 @!@!@
Progress(15) at 2020-06-26 17:40:26: 5,823,630 states generated (5,716,597 s/min), 1,264,772 distinct states found (1,237,541 ds/min), 888,823 states left on queue.
@!@!@ENDMSG 2200 @!@!@
@!@!@STARTMSG 2200:0 @!@!@
Progress(16) at 2020-06-26 17:41:26: 11,111,252 states generated (5,287,622 s/min), 2,321,574 distinct states found (1,056,802 ds/min), 1,612,405 states left on queue.
@!@!@ENDMSG 2200 @!@!@
@!@!@STARTMSG 2200:0 @!@!@
Progress(16) at 2020-06-26 17:42:26: 16,300,572 states generated (5,189,320 s/min), 3,376,971 distinct states found (1,055,397 ds/min), 2,359,840 states left on queue.
@!@!@ENDMSG 2200 @!@!@
@!@!@STARTMSG 2201:0 @!@!@
The coverage statistics at 2020-06-26 17:42:26
@!@!@ENDMSG 2201 @!@!@
@!@!@STARTMSG 2773:0 @!@!@
<Init line 88, col 1 to line 88, col 4 of module ParallelRaftModified>: 1:1
@!@!@ENDMSG 2773 @!@!@
@!@!@STARTMSG 2221:0 @!@!@
  line 88, col 9 to line 92, col 26 of module ParallelRaftModified: 1
@!@!@ENDMSG 2221 @!@!@
@!@!@STARTMSG 2772:0 @!@!@
<Restart line 112, col 1 to line 112, col 10 of module ParallelRaftModified>: 183223:3051452
@!@!@ENDMSG 2772 @!@!@
@!@!@STARTMSG 2221:0 @!@!@
  line 113, col 8 to line 113, col 60 of module ParallelRaftModified: 3051459
@!@!@ENDMSG 2221 @!@!@
@!@!@STARTMSG 2221:0 @!@!@
  |line 113, col 24 to line 113, col 60 of module ParallelRaftModified: 3051461
@!@!@ENDMSG 2221 @!@!@
@!@!@STARTMSG 2221:0 @!@!@
  ||line 113, col 25 to line 113, col 36 of module ParallelRaftModified: 3051462
@!@!@ENDMSG 2221 @!@!@
@!@!@STARTMSG 2221:0 @!@!@
  ||line 113, col 45 to line 113, col 59 of module ParallelRaftModified: 3051457
@!@!@ENDMSG 2221 @!@!@
@!@!@STARTMSG 2221:0 @!@!@
  line 114, col 8 to line 114, col 66 of module ParallelRaftModified: 3051462
@!@!@ENDMSG 2221 @!@!@
@!@!@STARTMSG 2221:0 @!@!@
  line 115, col 8 to line 116, col 48 of module ParallelRaftModified: 3051459
@!@!@ENDMSG 2221 @!@!@
@!@!@STARTMSG 2772:0 @!@!@
<Timeout line 118, col 1 to line 118, col 10 of module ParallelRaftModified>: 483421:2413273
@!@!@ENDMSG 2772 @!@!@
@!@!@STARTMSG 2221:0 @!@!@
  line 119, col 8 to line 119, col 47 of module ParallelRaftModified: 5464747
@!@!@ENDMSG 2221 @!@!@
@!@!@STARTMSG 2221:0 @!@!@
  |line 119, col 8 to line 119, col 22 of module ParallelRaftModified: 3051471
@!@!@ENDMSG 2221 @!@!@
@!@!@STARTMSG 2221:0 @!@!@
  |line 119, col 28 to line 119, col 47 of module ParallelRaftModified: 3051472
@!@!@ENDMSG 2221 @!@!@
@!@!@STARTMSG 2221:0 @!@!@
  line 120, col 8 to line 120, col 61 of module ParallelRaftModified: 2413279
@!@!@ENDMSG 2221 @!@!@
@!@!@STARTMSG 2221:0 @!@!@
  |line 120, col 24 to line 120, col 61 of module ParallelRaftModified: 3012964
@!@!@ENDMSG 2221 @!@!@
@!@!@STARTMSG 2221:0 @!@!@
  line 121, col 8 to line 121, col 66 of module ParallelRaftModified: 2413281
@!@!@ENDMSG 2221 @!@!@
@!@!@STARTMSG 2221:0 @!@!@
  |line 121, col 23 to line 121, col 66 of module ParallelRaftModified: 3012964
@!@!@ENDMSG 2221 @!@!@
@!@!@STARTMSG 2221:0 @!@!@
  line 122, col 8 to line 122, col 25 of module ParallelRaftModified: 2413281
@!@!@ENDMSG 2221 @!@!@
@!@!@STARTMSG 2221:0 @!@!@
  |line 122, col 8 to line 122, col 21 of module ParallelRaftModified: 3012964
@!@!@ENDMSG 2221 @!@!@
@!@!@STARTMSG 2221:0 @!@!@
  line 123, col 8 to line 123, col 47 of module ParallelRaftModified: 2413281
@!@!@ENDMSG 2221 @!@!@
@!@!@STARTMSG 2221:0 @!@!@
  |line 123, col 20 to line 123, col 47 of module ParallelRaftModified: 2413281
@!@!@ENDMSG 2221 @!@!@
@!@!@STARTMSG 2221:0 @!@!@
  ||line 123, col 21 to line 123, col 28 of module ParallelRaftModified: 2413281
@!@!@ENDMSG 2221 @!@!@
@!@!@STARTMSG 2221:0 @!@!@
  ||line 123, col 37 to line 123, col 46 of module ParallelRaftModified: 2413277
@!@!@ENDMSG 2221 @!@!@
@!@!@STARTMSG 2221:0 @!@!@
  ||line 123, col 44 to line 123, col 46 of module ParallelRaftModified: 2413281
@!@!@ENDMSG 2221 @!@!@
@!@!@STARTMSG 2221:0 @!@!@
  line 124, col 8 to line 125, col 44 of module ParallelRaftModified: 2413276
@!@!@ENDMSG 2221 @!@!@
@!@!@STARTMSG 2772:0 @!@!@
<UpdateTerm line 127, col 1 to line 127, col 13 of module ParallelRaftModified>: 272660:1879636
@!@!@ENDMSG 2772 @!@!@
@!@!@STARTMSG 2221:0 @!@!@
  line 129, col 16 to line 129, col 39 of module ParallelRaftModified: 1879637
@!@!@ENDMSG 2221 @!@!@
@!@!@STARTMSG 2221:0 @!@!@
  |line 129, col 16 to line 129, col 22 of module ParallelRaftModified: 16581849
@!@!@ENDMSG 2221 @!@!@
@!@!@STARTMSG 2221:0 @!@!@
  |line 129, col 26 to line 129, col 39 of module ParallelRaftModified: 16581859
@!@!@ENDMSG 2221 @!@!@
@!@!@STARTMSG 2221:0 @!@!@
  line 130, col 19 to line 130, col 29 of module ParallelRaftModified: 3881121
@!@!@ENDMSG 2221 @!@!@
@!@!@STARTMSG 2221:0 @!@!@
  |line 130, col 19 to line 130, col 25 of module ParallelRaftModified: 3481975
@!@!@ENDMSG 2221 @!@!@
@!@!@STARTMSG 2221:0 @!@!@
  |line 130, col 29 to line 130, col 29 of module ParallelRaftModified: 3482492
@!@!@ENDMSG 2221 @!@!@
@!@!@STARTMSG 2221:0 @!@!@
  line 131, col 19 to line 131, col 31 of module ParallelRaftModified: 4963100
@!@!@ENDMSG 2221 @!@!@
@!@!@STARTMSG 2221:0 @!@!@
  |line 131, col 19 to line 131, col 25 of module ParallelRaftModified: 3482492
@!@!@ENDMSG 2221 @!@!@
@!@!@STARTMSG 2221:0 @!@!@
  |line 131, col 29 to line 131, col 31 of module ParallelRaftModified: 3482492
@!@!@ENDMSG 2221 @!@!@
@!@!@STARTMSG 2221:0 @!@!@
  line 132, col 16 to line 132, col 65 of module ParallelRaftModified: 1879820
@!@!@ENDMSG 2221 @!@!@
@!@!@STARTMSG 2221:0 @!@!@
  |line 132, col 31 to line 132, col 65 of module ParallelRaftModified: 1879820
@!@!@ENDMSG 2221 @!@!@
@!@!@STARTMSG 2221:0 @!@!@
  ||line 132, col 32 to line 132, col 42 of module ParallelRaftModified: 1879820
@!@!@ENDMSG 2221 @!@!@
@!@!@STARTMSG 2221:0 @!@!@
  ||line 132, col 51 to line 132, col 64 of module ParallelRaftModified: 1879638
@!@!@ENDMSG 2221 @!@!@
@!@!@STARTMSG 2221:0 @!@!@
  line 133, col 16 to line 133, col 68 of module ParallelRaftModified: 1879820
@!@!@ENDMSG 2221 @!@!@
@!@!@STARTMSG 2221:0 @!@!@
  |line 133, col 32 to line 133, col 68 of module ParallelRaftModified: 1879820
@!@!@ENDMSG 2221 @!@!@
@!@!@STARTMSG 2221:0 @!@!@
  line 134, col 16 to line 134, col 55 of module ParallelRaftModified: 1879820
@!@!@ENDMSG 2221 @!@!@
@!@!@STARTMSG 2221:0 @!@!@
  |line 134, col 28 to line 134, col 55 of module ParallelRaftModified: 1879820
@!@!@ENDMSG 2221 @!@!@
@!@!@STARTMSG 2221:0 @!@!@
  line 128, col 17 to line 128, col 24 of module ParallelRaftModified: 3052077
@!@!@ENDMSG 2221 @!@!@
@!@!@STARTMSG 2221:0 @!@!@
  line 135, col 8 to line 135, col 85 of module ParallelRaftModified: 1879637
@!@!@ENDMSG 2221 @!@!@
@!@!@STARTMSG 2772:0 @!@!@
<RequestVote line 138, col 1 to line 138, col 14 of module ParallelRaftModified>: 150767:1812096
@!@!@ENDMSG 2772 @!@!@
@!@!@STARTMSG 2221:0 @!@!@
  line 139, col 8 to line 139, col 34 of module ParallelRaftModified: 4864180
@!@!@ENDMSG 2221 @!@!@
@!@!@STARTMSG 2221:0 @!@!@
  |line 139, col 8 to line 139, col 22 of module ParallelRaftModified: 3052086
@!@!@ENDMSG 2221 @!@!@
@!@!@STARTMSG 2221:0 @!@!@
  |line 139, col 26 to line 139, col 34 of module ParallelRaftModified: 3052086
@!@!@ENDMSG 2221 @!@!@
@!@!@STARTMSG 2221:0 @!@!@
  line 140, col 8 to line 144, col 29 of module ParallelRaftModified: 1812097
@!@!@ENDMSG 2221 @!@!@
@!@!@STARTMSG 2221:0 @!@!@
  line 145, col 8 to line 145, col 72 of module ParallelRaftModified: 1812097
@!@!@ENDMSG 2221 @!@!@
@!@!@STARTMSG 2772:0 @!@!@
<HandleRequestVoteRequest line 148, col 1 to line 148, col 27 of module ParallelRaftModified>: 2175037:6858326
@!@!@ENDMSG 2772 @!@!@
@!@!@STARTMSG 2221:0 @!@!@
  line 156, col 15 to line 156, col 41 of module ParallelRaftModified: 6858337
@!@!@ENDMSG 2221 @!@!@
@!@!@STARTMSG 2221:0 @!@!@
  |line 156, col 15 to line 156, col 21 of module ParallelRaftModified: 16585660
@!@!@ENDMSG 2221 @!@!@
@!@!@STARTMSG 2221:0 @!@!@
  |line 156, col 28 to line 156, col 41 of module ParallelRaftModified: 16585663
@!@!@ENDMSG 2221 @!@!@
@!@!@STARTMSG 2221:0 @!@!@
  line 157, col 15 to line 157, col 42 of module ParallelRaftModified: 19961506
@!@!@ENDMSG 2221 @!@!@
@!@!@STARTMSG 2221:0 @!@!@
  |line 157, col 15 to line 157, col 21 of module ParallelRaftModified: 13103165
@!@!@ENDMSG 2221 @!@!@
@!@!@STARTMSG 2221:0 @!@!@
  |line 157, col 25 to line 157, col 42 of module ParallelRaftModified: 13103170
@!@!@ENDMSG 2221 @!@!@
@!@!@STARTMSG 2221:0 @!@!@
  line 151, col 26 to line 151, col 45 of module ParallelRaftModified: 2321523
@!@!@ENDMSG 2221 @!@!@
@!@!@STARTMSG 2221:0 @!@!@
  |line 151, col 26 to line 151, col 32 of module ParallelRaftModified: 6858359
@!@!@ENDMSG 2221 @!@!@
@!@!@STARTMSG 2221:0 @!@!@
  |line 151, col 39 to line 151, col 45 of module ParallelRaftModified: 6858360
@!@!@ENDMSG 2221 @!@!@
@!@!@STARTMSG 2221:0 @!@!@
  ||line 151, col 39 to line 151, col 42 of module ParallelRaftModified: 6858361
@!@!@ENDMSG 2221 @!@!@
@!@!@STARTMSG 2221:0 @!@!@
  ||line 151, col 44 to line 151, col 44 of module ParallelRaftModified: 6858363
@!@!@ENDMSG 2221 @!@!@
@!@!@STARTMSG 2221:0 @!@!@
  line 153, col 25 to line 153, col 47 of module ParallelRaftModified: 9181547
@!@!@ENDMSG 2221 @!@!@
@!@!@STARTMSG 2221:0 @!@!@
  |line 153, col 25 to line 153, col 35 of module ParallelRaftModified: 6859384
@!@!@ENDMSG 2221 @!@!@
@!@!@STARTMSG 2221:0 @!@!@
  |line 153, col 41 to line 153, col 47 of module ParallelRaftModified: 6859385
@!@!@ENDMSG 2221 @!@!@
@!@!@STARTMSG 2221:0 @!@!@
  line 154, col 25 to line 154, col 48 of module ParallelRaftModified: 8546213
@!@!@ENDMSG 2221 @!@!@
@!@!@STARTMSG 2221:0 @!@!@
  |line 154, col 25 to line 154, col 38 of module ParallelRaftModified: 6224050
@!@!@ENDMSG 2221 @!@!@
@!@!@STARTMSG 2221:0 @!@!@
  |line 154, col 42 to line 154, col 48 of module ParallelRaftModified: 6224052
@!@!@ENDMSG 2221 @!@!@
@!@!@STARTMSG 2221:0 @!@!@
  line 158, col 27 to line 158, col 64 of module ParallelRaftModified: 2322168
@!@!@ENDMSG 2221 @!@!@
@!@!@STARTMSG 2221:0 @!@!@
  |line 158, col 39 to line 158, col 64 of module ParallelRaftModified: 2322170
@!@!@ENDMSG 2221 @!@!@
@!@!@STARTMSG 2221:0 @!@!@
  line 159, col 19 to line 159, col 28 of module ParallelRaftModified: 11398390
@!@!@ENDMSG 2221 @!@!@
@!@!@STARTMSG 2221:0 @!@!@
  |line 159, col 24 to line 159, col 28 of module ParallelRaftModified: 6860287
@!@!@ENDMSG 2221 @!@!@
@!@!@STARTMSG 2221:0 @!@!@
  ||line 152, col 22 to line 154, col 48 of module ParallelRaftModified: 6860291
@!@!@ENDMSG 2221 @!@!@
@!@!@STARTMSG 2221:0 @!@!@
  |||line 152, col 25 to line 152, col 30 of module ParallelRaftModified: 6860294
@!@!@ENDMSG 2221 @!@!@
@!@!@STARTMSG 2221:0 @!@!@
  ||||line 151, col 23 to line 151, col 45 of module ParallelRaftModified: 6860295
@!@!@ENDMSG 2221 @!@!@
@!@!@STARTMSG 2221:0 @!@!@
  |||||line 151, col 26 to line 151, col 45 of module ParallelRaftModified: 6860297
@!@!@ENDMSG 2221 @!@!@
@!@!@STARTMSG 2221:0 @!@!@
  |||line 153, col 25 to line 153, col 47 of module ParallelRaftModified: 6859435
@!@!@ENDMSG 2221 @!@!@
@!@!@STARTMSG 2221:0 @!@!@
  |||line 154, col 25 to line 154, col 48 of module ParallelRaftModified: 6224086
@!@!@ENDMSG 2221 @!@!@
@!@!@STARTMSG 2221:0 @!@!@
  line 159, col 33 to line 159, col 50 of module ParallelRaftModified: 4536815
@!@!@ENDMSG 2221 @!@!@
@!@!@STARTMSG 2221:0 @!@!@
  line 54, col 12 to line 54, col 40 of module ParallelRaftModified: 6860311
@!@!@ENDMSG 2221 @!@!@
@!@!@STARTMSG 2221:0 @!@!@
  |line 54, col 24 to line 54, col 40 of module ParallelRaftModified: 6860316
@!@!@ENDMSG 2221 @!@!@
@!@!@STARTMSG 2221:0 @!@!@
  line 160, col 20 to line 167, col 33 of module ParallelRaftModified: 6860318
@!@!@ENDMSG 2221 @!@!@
@!@!@STARTMSG 2221:0 @!@!@
  |line 160, col 22 to line 160, col 50 of module ParallelRaftModified: 6858337
@!@!@ENDMSG 2221 @!@!@
@!@!@STARTMSG 2221:0 @!@!@
  |line 161, col 22 to line 161, col 45 of module ParallelRaftModified: 6858337
@!@!@ENDMSG 2221 @!@!@
@!@!@STARTMSG 2221:0 @!@!@
  |line 162, col 39 to line 162, col 43 of module ParallelRaftModified: 6860319
@!@!@ENDMSG 2221 @!@!@
@!@!@STARTMSG 2221:0 @!@!@
  ||line 152, col 22 to line 154, col 48 of module ParallelRaftModified: 6860319
@!@!@ENDMSG 2221 @!@!@
@!@!@STARTMSG 2221:0 @!@!@
  |||line 152, col 25 to line 152, col 30 of module ParallelRaftModified: 6860319
@!@!@ENDMSG 2221 @!@!@
@!@!@STARTMSG 2221:0 @!@!@
  |||line 153, col 25 to line 153, col 47 of module ParallelRaftModified: 6859453
@!@!@ENDMSG 2221 @!@!@
@!@!@STARTMSG 2221:0 @!@!@
  |||line 154, col 25 to line 154, col 48 of module ParallelRaftModified: 6224098
@!@!@ENDMSG 2221 @!@!@
@!@!@STARTMSG 2775:0 @!@!@
  |line 163, col 40 to line 163, col 79 of module ParallelRaftModified: 6860324:6860323
@!@!@ENDMSG 2775 @!@!@
@!@!@STARTMSG 2221:0 @!@!@
  ||line 163, col 55 to line 163, col 78 of module ParallelRaftModified: 41161956
@!@!@ENDMSG 2221 @!@!@
@!@!@STARTMSG 2221:0 @!@!@
  |||line 163, col 55 to line 163, col 68 of module ParallelRaftModified: 41161980
@!@!@ENDMSG 2221 @!@!@
@!@!@STARTMSG 2221:0 @!@!@
  ||||line 163, col 55 to line 163, col 63 of module ParallelRaftModified: 41162010
@!@!@ENDMSG 2221 @!@!@
@!@!@STARTMSG 2221:0 @!@!@
  |||||line 163, col 55 to line 163, col 60 of module ParallelRaftModified: 41162034
@!@!@ENDMSG 2221 @!@!@
@!@!@STARTMSG 2221:0 @!@!@
  ||||||line 163, col 55 to line 163, col 57 of module ParallelRaftModified: 41174628
@!@!@ENDMSG 2221 @!@!@
@!@!@STARTMSG 2221:0 @!@!@
  ||||||line 163, col 59 to line 163, col 59 of module ParallelRaftModified: 41174634
@!@!@ENDMSG 2221 @!@!@
@!@!@STARTMSG 2221:0 @!@!@
  |||||line 163, col 62 to line 163, col 62 of module ParallelRaftModified: 41174646
@!@!@ENDMSG 2221 @!@!@
@!@!@STARTMSG 2221:0 @!@!@
  |||line 163, col 72 to line 163, col 78 of module ParallelRaftModified: 41174658
@!@!@ENDMSG 2221 @!@!@
@!@!@STARTMSG 2221:0 @!@!@
  ||line 163, col 47 to line 163, col 51 of module ParallelRaftModified: 6862445
@!@!@ENDMSG 2221 @!@!@
@!@!@STARTMSG 2221:0 @!@!@
  |line 164, col 34 to line 164, col 60 of module ParallelRaftModified: 6862445
@!@!@ENDMSG 2221 @!@!@
@!@!@STARTMSG 2221:0 @!@!@
  |line 165, col 22 to line 165, col 50 of module ParallelRaftModified: 6858340
@!@!@ENDMSG 2221 @!@!@
@!@!@STARTMSG 2221:0 @!@!@
  |line 166, col 22 to line 166, col 34 of module ParallelRaftModified: 6858340
@!@!@ENDMSG 2221 @!@!@
@!@!@STARTMSG 2221:0 @!@!@
  |line 167, col 22 to line 167, col 32 of module ParallelRaftModified: 6858340
@!@!@ENDMSG 2221 @!@!@
@!@!@STARTMSG 2221:0 @!@!@
  line 168, col 15 to line 169, col 65 of module ParallelRaftModified: 6858337
@!@!@ENDMSG 2221 @!@!@
@!@!@STARTMSG 2221:0 @!@!@
  line 149, col 17 to line 149, col 24 of module ParallelRaftModified: 3053349
@!@!@ENDMSG 2221 @!@!@
@!@!@STARTMSG 2772:0 @!@!@
<BecomeLeaderCandidate line 189, col 1 to line 189, col 24 of module ParallelRaftModified>: 57098:112546
@!@!@ENDMSG 2772 @!@!@
@!@!@STARTMSG 2221:0 @!@!@
  line 190, col 8 to line 190, col 34 of module ParallelRaftModified: 3103665
@!@!@ENDMSG 2221 @!@!@
@!@!@STARTMSG 2221:0 @!@!@
  |line 190, col 8 to line 190, col 22 of module ParallelRaftModified: 3053358
@!@!@ENDMSG 2221 @!@!@
@!@!@STARTMSG 2221:0 @!@!@
  |line 190, col 26 to line 190, col 34 of module ParallelRaftModified: 3053358
@!@!@ENDMSG 2221 @!@!@
@!@!@STARTMSG 2221:0 @!@!@
  line 207, col 48 to line 207, col 60 of module ParallelRaftModified: 5489047
@!@!@ENDMSG 2221 @!@!@
@!@!@STARTMSG 2221:0 @!@!@
  |line 207, col 48 to line 207, col 56 of module ParallelRaftModified: 5261565
@!@!@ENDMSG 2221 @!@!@
@!@!@STARTMSG 2221:0 @!@!@
  |line 207, col 60 to line 207, col 60 of module ParallelRaftModified: 5261565
@!@!@ENDMSG 2221 @!@!@
@!@!@STARTMSG 2221:0 @!@!@
  line 207, col 34 to line 207, col 44 of module ParallelRaftModified: 30576654
@!@!@ENDMSG 2221 @!@!@
@!@!@STARTMSG 2775:0 @!@!@
  |line 196, col 29 to line 197, col 71 of module ParallelRaftModified: 30576657:35838222
@!@!@ENDMSG 2775 @!@!@
@!@!@STARTMSG 2221:0 @!@!@
  ||line 196, col 53 to line 197, col 70 of module ParallelRaftModified: 11301690
@!@!@ENDMSG 2221 @!@!@
@!@!@STARTMSG 2221:0 @!@!@
  |||line 196, col 56 to line 196, col 76 of module ParallelRaftModified: 11301690
@!@!@ENDMSG 2221 @!@!@
@!@!@STARTMSG 2221:0 @!@!@
  |||line 197, col 56 to line 197, col 70 of module ParallelRaftModified: 6528429
@!@!@ENDMSG 2221 @!@!@
@!@!@STARTMSG 2221:0 @!@!@
  ||line 196, col 36 to line 196, col 48 of module ParallelRaftModified: 30576657
@!@!@ENDMSG 2221 @!@!@
@!@!@STARTMSG 2775:0 @!@!@
  |||line 192, col 31 to line 195, col 76 of module ParallelRaftModified: 30576657:41878347
@!@!@ENDMSG 2775 @!@!@
@!@!@STARTMSG 2221:0 @!@!@
  ||||line 192, col 49 to line 195, col 75 of module ParallelRaftModified: 169313976
@!@!@ENDMSG 2221 @!@!@
@!@!@STARTMSG 2221:0 @!@!@
  |||||line 192, col 52 to line 192, col 80 of module ParallelRaftModified: 169313976
@!@!@ENDMSG 2221 @!@!@
@!@!@STARTMSG 2221:0 @!@!@
  |||||line 193, col 52 to line 193, col 62 of module ParallelRaftModified: 83700846
@!@!@ENDMSG 2221 @!@!@
@!@!@STARTMSG 2221:0 @!@!@
  |||||line 194, col 52 to line 194, col 66 of module ParallelRaftModified: 31570638
@!@!@ENDMSG 2221 @!@!@
@!@!@STARTMSG 2221:0 @!@!@
  |||||line 195, col 52 to line 195, col 75 of module ParallelRaftModified: 24096684
@!@!@ENDMSG 2221 @!@!@
@!@!@STARTMSG 2221:0 @!@!@
  ||||line 192, col 38 to line 192, col 45 of module ParallelRaftModified: 30576671
@!@!@ENDMSG 2221 @!@!@
@!@!@STARTMSG 2221:0 @!@!@
  line 207, col 21 to line 207, col 21 of module ParallelRaftModified: 29014875
@!@!@ENDMSG 2221 @!@!@
@!@!@STARTMSG 2221:0 @!@!@
  line 208, col 12 to line 221, col 76 of module ParallelRaftModified: 112600
@!@!@ENDMSG 2221 @!@!@
@!@!@STARTMSG 2221:0 @!@!@
  |line 208, col 19 to line 221, col 76 of module ParallelRaftModified: 112600
@!@!@ENDMSG 2221 @!@!@
@!@!@STARTMSG 2221:0 @!@!@
  ||line 208, col 20 to line 208, col 22 of module ParallelRaftModified: 112600
@!@!@ENDMSG 2221 @!@!@
@!@!@STARTMSG 2221:0 @!@!@
  ||line 208, col 31 to line 221, col 75 of module ParallelRaftModified: 112547
@!@!@ENDMSG 2221 @!@!@
@!@!@STARTMSG 2221:0 @!@!@
  ||line 208, col 38 to line 221, col 75 of module ParallelRaftModified: 112600
@!@!@ENDMSG 2221 @!@!@
@!@!@STARTMSG 2221:0 @!@!@
  |||line 208, col 41 to line 208, col 48 of module ParallelRaftModified: 112600
@!@!@ENDMSG 2221 @!@!@
@!@!@STARTMSG 2221:0 @!@!@
  ||||line 208, col 41 to line 208, col 43 of module ParallelRaftModified: 112600
@!@!@ENDMSG 2221 @!@!@
@!@!@STARTMSG 2775:0 @!@!@
  |||||line 199, col 37 to line 199, col 66 of module ParallelRaftModified: 112600:338250
@!@!@ENDMSG 2775 @!@!@
@!@!@STARTMSG 2221:0 @!@!@
  ||||||line 199, col 38 to line 199, col 43 of module ParallelRaftModified: 246392
@!@!@ENDMSG 2221 @!@!@
@!@!@STARTMSG 2221:0 @!@!@
  ||||||line 199, col 53 to line 199, col 65 of module ParallelRaftModified: 112600
@!@!@ENDMSG 2221 @!@!@
@!@!@STARTMSG 2775:0 @!@!@
  |||||||line 192, col 31 to line 195, col 76 of module ParallelRaftModified: 112600:358992
@!@!@ENDMSG 2775 @!@!@
@!@!@STARTMSG 2221:0 @!@!@
  ||||||||line 192, col 49 to line 195, col 75 of module ParallelRaftModified: 703167
@!@!@ENDMSG 2221 @!@!@
@!@!@STARTMSG 2221:0 @!@!@
  |||||||||line 192, col 52 to line 192, col 80 of module ParallelRaftModified: 703167
@!@!@ENDMSG 2221 @!@!@
@!@!@STARTMSG 2221:0 @!@!@
  |||||||||line 193, col 52 to line 193, col 62 of module ParallelRaftModified: 409844
@!@!@ENDMSG 2221 @!@!@
@!@!@STARTMSG 2221:0 @!@!@
  |||||||||line 194, col 52 to line 194, col 66 of module ParallelRaftModified: 298412
@!@!@ENDMSG 2221 @!@!@
@!@!@STARTMSG 2221:0 @!@!@
  |||||||||line 195, col 52 to line 195, col 75 of module ParallelRaftModified: 282416
@!@!@ENDMSG 2221 @!@!@
@!@!@STARTMSG 2221:0 @!@!@
  ||||||||line 192, col 38 to line 192, col 45 of module ParallelRaftModified: 112600
@!@!@ENDMSG 2221 @!@!@
@!@!@STARTMSG 2221:0 @!@!@
  |||||line 200, col 30 to line 200, col 93 of module ParallelRaftModified: 112600
@!@!@ENDMSG 2221 @!@!@
@!@!@STARTMSG 2221:0 @!@!@
  ||||||line 200, col 56 to line 200, col 92 of module ParallelRaftModified: 112690
@!@!@ENDMSG 2221 @!@!@
@!@!@STARTMSG 2221:0 @!@!@
  |||||||line 200, col 77 to line 200, col 92 of module ParallelRaftModified: 112870
@!@!@ENDMSG 2221 @!@!@
@!@!@STARTMSG 2221:0 @!@!@
  |||||||line 200, col 66 to line 200, col 73 of module ParallelRaftModified: 112690
@!@!@ENDMSG 2221 @!@!@
@!@!@STARTMSG 2221:0 @!@!@
  ||||||line 200, col 44 to line 200, col 51 of module ParallelRaftModified: 112600
@!@!@ENDMSG 2221 @!@!@
@!@!@STARTMSG 2221:0 @!@!@
  |||||line 201, col 24 to line 202, col 32 of module ParallelRaftModified: 112600
@!@!@ENDMSG 2221 @!@!@
@!@!@STARTMSG 2221:0 @!@!@
  ||||||line 201, col 27 to line 201, col 35 of module ParallelRaftModified: 112600
@!@!@ENDMSG 2221 @!@!@
@!@!@STARTMSG 2221:0 @!@!@
  ||||||line 201, col 42 to line 201, col 69 of module ParallelRaftModified: 112510
@!@!@ENDMSG 2221 @!@!@
@!@!@STARTMSG 2221:0 @!@!@
  |||||||line 61, col 11 to line 61, col 71 of module ParallelRaftModified: 112510
@!@!@ENDMSG 2221 @!@!@
@!@!@STARTMSG 2221:0 @!@!@
  |||||||line 201, col 46 to line 201, col 68 of module ParallelRaftModified: 112510
@!@!@ENDMSG 2221 @!@!@
@!@!@STARTMSG 2221:0 @!@!@
  ||||||||line 201, col 62 to line 201, col 67 of module ParallelRaftModified: 112510
@!@!@ENDMSG 2221 @!@!@
@!@!@STARTMSG 2221:0 @!@!@
  |||||||||line 198, col 24 to line 198, col 59 of module ParallelRaftModified: 112510
@!@!@ENDMSG 2221 @!@!@
@!@!@STARTMSG 2775:0 @!@!@
  ||||||||||line 198, col 30 to line 198, col 59 of module ParallelRaftModified: 112510:112510
@!@!@ENDMSG 2775 @!@!@
@!@!@STARTMSG 2221:0 @!@!@
  |||||||||||line 198, col 31 to line 198, col 36 of module ParallelRaftModified: 246228
@!@!@ENDMSG 2221 @!@!@
@!@!@STARTMSG 2221:0 @!@!@
  |||||||||||line 198, col 46 to line 198, col 58 of module ParallelRaftModified: 112518
@!@!@ENDMSG 2221 @!@!@
@!@!@STARTMSG 2775:0 @!@!@
  ||||||||||||line 192, col 31 to line 195, col 76 of module ParallelRaftModified: 112518:358746
@!@!@ENDMSG 2775 @!@!@
@!@!@STARTMSG 2221:0 @!@!@
  |||||||||||||line 192, col 49 to line 195, col 75 of module ParallelRaftModified: 702659
@!@!@ENDMSG 2221 @!@!@
@!@!@STARTMSG 2221:0 @!@!@
  ||||||||||||||line 192, col 52 to line 192, col 80 of module ParallelRaftModified: 702659
@!@!@ENDMSG 2221 @!@!@
@!@!@STARTMSG 2221:0 @!@!@
  ||||||||||||||line 193, col 52 to line 193, col 62 of module ParallelRaftModified: 409502
@!@!@ENDMSG 2221 @!@!@
@!@!@STARTMSG 2221:0 @!@!@
  ||||||||||||||line 194, col 52 to line 194, col 66 of module ParallelRaftModified: 298236
@!@!@ENDMSG 2221 @!@!@
@!@!@STARTMSG 2221:0 @!@!@
  ||||||||||||||line 195, col 52 to line 195, col 75 of module ParallelRaftModified: 282239
@!@!@ENDMSG 2221 @!@!@
@!@!@STARTMSG 2221:0 @!@!@
  |||||||||||||line 192, col 38 to line 192, col 45 of module ParallelRaftModified: 112518
@!@!@ENDMSG 2221 @!@!@
@!@!@STARTMSG 2221:0 @!@!@
  ||||||line 202, col 29 to line 202, col 32 of module ParallelRaftModified: 90
@!@!@ENDMSG 2221 @!@!@
@!@!@STARTMSG 2221:0 @!@!@
  ||||line 208, col 47 to line 208, col 48 of module ParallelRaftModified: 112608
@!@!@ENDMSG 2221 @!@!@
@!@!@STARTMSG 2775:0 @!@!@
  |||line 208, col 55 to line 213, col 86 of module ParallelRaftModified: 112608:675648
@!@!@ENDMSG 2775 @!@!@
@!@!@STARTMSG 2221:0 @!@!@
  ||||line 208, col 62 to line 208, col 66 of module ParallelRaftModified: 112608
@!@!@ENDMSG 2221 @!@!@
@!@!@STARTMSG 2221:0 @!@!@
  line 222, col 12 to line 222, col 79 of module ParallelRaftModified: 112608
@!@!@ENDMSG 2221 @!@!@
@!@!@STARTMSG 2221:0 @!@!@
  |line 222, col 24 to line 222, col 79 of module ParallelRaftModified: 112608
@!@!@ENDMSG 2221 @!@!@
@!@!@STARTMSG 2221:0 @!@!@
  ||line 222, col 25 to line 222, col 32 of module ParallelRaftModified: 112608
@!@!@ENDMSG 2221 @!@!@
@!@!@STARTMSG 2221:0 @!@!@
  ||line 222, col 41 to line 222, col 78 of module ParallelRaftModified: 112548
@!@!@ENDMSG 2221 @!@!@
@!@!@STARTMSG 2221:0 @!@!@
  ||line 222, col 57 to line 222, col 78 of module ParallelRaftModified: 112608
@!@!@ENDMSG 2221 @!@!@
@!@!@STARTMSG 2221:0 @!@!@
  |||line 222, col 59 to line 222, col 72 of module ParallelRaftModified: 112608
@!@!@ENDMSG 2221 @!@!@
@!@!@STARTMSG 2221:0 @!@!@
  |||line 222, col 74 to line 222, col 76 of module ParallelRaftModified: 112608
@!@!@ENDMSG 2221 @!@!@
@!@!@STARTMSG 2775:0 @!@!@
  ||||line 199, col 37 to line 199, col 66 of module ParallelRaftModified: 112608:338274
@!@!@ENDMSG 2775 @!@!@
@!@!@STARTMSG 2221:0 @!@!@
  |||||line 199, col 38 to line 199, col 43 of module ParallelRaftModified: 246408
@!@!@ENDMSG 2221 @!@!@
@!@!@STARTMSG 2221:0 @!@!@
  |||||line 199, col 53 to line 199, col 65 of module ParallelRaftModified: 112608
@!@!@ENDMSG 2221 @!@!@
@!@!@STARTMSG 2775:0 @!@!@
  ||||||line 192, col 31 to line 195, col 76 of module ParallelRaftModified: 112608:359016
@!@!@ENDMSG 2775 @!@!@
@!@!@STARTMSG 2221:0 @!@!@
  |||||||line 192, col 49 to line 195, col 75 of module ParallelRaftModified: 703227
@!@!@ENDMSG 2221 @!@!@
@!@!@STARTMSG 2221:0 @!@!@
  ||||||||line 192, col 52 to line 192, col 80 of module ParallelRaftModified: 703227
@!@!@ENDMSG 2221 @!@!@
@!@!@STARTMSG 2221:0 @!@!@
  ||||||||line 193, col 52 to line 193, col 62 of module ParallelRaftModified: 409880
@!@!@ENDMSG 2221 @!@!@
@!@!@STARTMSG 2221:0 @!@!@
  ||||||||line 194, col 52 to line 194, col 66 of module ParallelRaftModified: 298436
@!@!@ENDMSG 2221 @!@!@
@!@!@STARTMSG 2221:0 @!@!@
  ||||||||line 195, col 52 to line 195, col 75 of module ParallelRaftModified: 282436
@!@!@ENDMSG 2221 @!@!@
@!@!@STARTMSG 2221:0 @!@!@
  |||||||line 192, col 38 to line 192, col 45 of module ParallelRaftModified: 112608
@!@!@ENDMSG 2221 @!@!@
@!@!@STARTMSG 2221:0 @!@!@
  ||||line 200, col 30 to line 200, col 93 of module ParallelRaftModified: 112608
@!@!@ENDMSG 2221 @!@!@
@!@!@STARTMSG 2221:0 @!@!@
  |||||line 200, col 56 to line 200, col 92 of module ParallelRaftModified: 112730
@!@!@ENDMSG 2221 @!@!@
@!@!@STARTMSG 2221:0 @!@!@
  ||||||line 200, col 77 to line 200, col 92 of module ParallelRaftModified: 112910
@!@!@ENDMSG 2221 @!@!@
@!@!@STARTMSG 2221:0 @!@!@
  ||||||line 200, col 66 to line 200, col 73 of module ParallelRaftModified: 112730
@!@!@ENDMSG 2221 @!@!@
@!@!@STARTMSG 2221:0 @!@!@
  |||||line 200, col 44 to line 200, col 51 of module ParallelRaftModified: 112640
@!@!@ENDMSG 2221 @!@!@
@!@!@STARTMSG 2221:0 @!@!@
  ||||line 201, col 24 to line 202, col 32 of module ParallelRaftModified: 112640
@!@!@ENDMSG 2221 @!@!@
@!@!@STARTMSG 2221:0 @!@!@
  |||||line 201, col 27 to line 201, col 35 of module ParallelRaftModified: 112640
@!@!@ENDMSG 2221 @!@!@
@!@!@STARTMSG 2221:0 @!@!@
  |||||line 201, col 42 to line 201, col 69 of module ParallelRaftModified: 112550
@!@!@ENDMSG 2221 @!@!@
@!@!@STARTMSG 2221:0 @!@!@
  ||||||line 61, col 11 to line 61, col 71 of module ParallelRaftModified: 112550
@!@!@ENDMSG 2221 @!@!@
@!@!@STARTMSG 2221:0 @!@!@
  ||||||line 201, col 46 to line 201, col 68 of module ParallelRaftModified: 112550
@!@!@ENDMSG 2221 @!@!@
@!@!@STARTMSG 2221:0 @!@!@
  |||||||line 201, col 62 to line 201, col 67 of module ParallelRaftModified: 112550
@!@!@ENDMSG 2221 @!@!@
@!@!@STARTMSG 2221:0 @!@!@
  ||||||||line 198, col 24 to line 198, col 59 of module ParallelRaftModified: 112550
@!@!@ENDMSG 2221 @!@!@
@!@!@STARTMSG 2775:0 @!@!@
  |||||||||line 198, col 30 to line 198, col 59 of module ParallelRaftModified: 112550:112550
@!@!@ENDMSG 2775 @!@!@
@!@!@STARTMSG 2221:0 @!@!@
  ||||||||||line 198, col 31 to line 198, col 36 of module ParallelRaftModified: 246292
@!@!@ENDMSG 2221 @!@!@
@!@!@STARTMSG 2221:0 @!@!@
  ||||||||||line 198, col 46 to line 198, col 58 of module ParallelRaftModified: 112550
@!@!@ENDMSG 2221 @!@!@
@!@!@STARTMSG 2775:0 @!@!@
  |||||||||||line 192, col 31 to line 195, col 76 of module ParallelRaftModified: 112550:358842
@!@!@ENDMSG 2775 @!@!@
@!@!@STARTMSG 2221:0 @!@!@
  ||||||||||||line 192, col 49 to line 195, col 75 of module ParallelRaftModified: 702891
@!@!@ENDMSG 2221 @!@!@
@!@!@STARTMSG 2221:0 @!@!@
  |||||||||||||line 192, col 52 to line 192, col 80 of module ParallelRaftModified: 702891
@!@!@ENDMSG 2221 @!@!@
@!@!@STARTMSG 2221:0 @!@!@
  |||||||||||||line 193, col 52 to line 193, col 62 of module ParallelRaftModified: 409636
@!@!@ENDMSG 2221 @!@!@
@!@!@STARTMSG 2221:0 @!@!@
  |||||||||||||line 194, col 52 to line 194, col 66 of module ParallelRaftModified: 298302
@!@!@ENDMSG 2221 @!@!@
@!@!@STARTMSG 2221:0 @!@!@
  |||||||||||||line 195, col 52 to line 195, col 75 of module ParallelRaftModified: 282305
@!@!@ENDMSG 2221 @!@!@
@!@!@STARTMSG 2221:0 @!@!@
  ||||||||||||line 192, col 38 to line 192, col 45 of module ParallelRaftModified: 112550
@!@!@ENDMSG 2221 @!@!@
@!@!@STARTMSG 2221:0 @!@!@
  |||||line 202, col 29 to line 202, col 32 of module ParallelRaftModified: 90
@!@!@ENDMSG 2221 @!@!@
@!@!@STARTMSG 2221:0 @!@!@
  line 223, col 12 to line 227, col 69 of module ParallelRaftModified: 112640
@!@!@ENDMSG 2221 @!@!@
@!@!@STARTMSG 2221:0 @!@!@
  line 191, col 19 to line 191, col 25 of module ParallelRaftModified: 1814382
@!@!@ENDMSG 2221 @!@!@
@!@!@STARTMSG 2221:0 @!@!@
  line 228, col 8 to line 228, col 67 of module ParallelRaftModified: 112640
@!@!@ENDMSG 2221 @!@!@
@!@!@STARTMSG 2221:0 @!@!@
  line 229, col 8 to line 229, col 72 of module ParallelRaftModified: 112640
@!@!@ENDMSG 2221 @!@!@
@!@!@STARTMSG 2221:0 @!@!@
  line 230, col 8 to line 230, col 74 of module ParallelRaftModified: 112548
@!@!@ENDMSG 2221 @!@!@
@!@!@STARTMSG 2772:0 @!@!@
<RequestSync line 233, col 1 to line 233, col 14 of module ParallelRaftModified>: 25233:116835
@!@!@ENDMSG 2772 @!@!@
@!@!@STARTMSG 2221:0 @!@!@
  line 234, col 8 to line 234, col 51 of module ParallelRaftModified: 9281178
@!@!@ENDMSG 2221 @!@!@
@!@!@STARTMSG 2221:0 @!@!@
  |line 234, col 8 to line 234, col 22 of module ParallelRaftModified: 9165573
@!@!@ENDMSG 2221 @!@!@
@!@!@STARTMSG 2221:0 @!@!@
  |line 234, col 28 to line 234, col 51 of module ParallelRaftModified: 9165582
@!@!@ENDMSG 2221 @!@!@
@!@!@STARTMSG 2221:0 @!@!@
  line 54, col 12 to line 54, col 40 of module ParallelRaftModified: 116850
@!@!@ENDMSG 2221 @!@!@
@!@!@STARTMSG 2221:0 @!@!@
  line 239, col 25 to line 246, col 37 of module ParallelRaftModified: 116850
@!@!@ENDMSG 2221 @!@!@
@!@!@STARTMSG 2221:0 @!@!@
  |line 239, col 27 to line 239, col 54 of module ParallelRaftModified: 116835
@!@!@ENDMSG 2221 @!@!@
@!@!@STARTMSG 2221:0 @!@!@
  |line 240, col 24 to line 240, col 47 of module ParallelRaftModified: 116835
@!@!@ENDMSG 2221 @!@!@
@!@!@STARTMSG 2221:0 @!@!@
  |line 241, col 24 to line 241, col 34 of module ParallelRaftModified: 116835
@!@!@ENDMSG 2221 @!@!@
@!@!@STARTMSG 2221:0 @!@!@
  |line 242, col 35 to line 242, col 39 of module ParallelRaftModified: 116850
@!@!@ENDMSG 2221 @!@!@
@!@!@STARTMSG 2221:0 @!@!@
  ||line 236, col 26 to line 236, col 64 of module ParallelRaftModified: 116850
@!@!@ENDMSG 2221 @!@!@
@!@!@STARTMSG 2221:0 @!@!@
  |||line 60, col 11 to line 60, col 71 of module ParallelRaftModified: 116850
@!@!@ENDMSG 2221 @!@!@
@!@!@STARTMSG 2221:0 @!@!@
  |||line 236, col 30 to line 236, col 63 of module ParallelRaftModified: 116850
@!@!@ENDMSG 2221 @!@!@
@!@!@STARTMSG 2221:0 @!@!@
  ||||line 236, col 45 to line 236, col 62 of module ParallelRaftModified: 701100
@!@!@ENDMSG 2221 @!@!@
@!@!@STARTMSG 2221:0 @!@!@
  ||||line 236, col 37 to line 236, col 41 of module ParallelRaftModified: 116850
@!@!@ENDMSG 2221 @!@!@
@!@!@STARTMSG 2221:0 @!@!@
  |line 243, col 33 to line 243, col 35 of module ParallelRaftModified: 116850
@!@!@ENDMSG 2221 @!@!@
@!@!@STARTMSG 2221:0 @!@!@
  ||line 237, col 24 to line 237, col 62 of module ParallelRaftModified: 116850
@!@!@ENDMSG 2221 @!@!@
@!@!@STARTMSG 2221:0 @!@!@
  |||line 61, col 11 to line 61, col 71 of module ParallelRaftModified: 116850
@!@!@ENDMSG 2221 @!@!@
@!@!@STARTMSG 2221:0 @!@!@
  |||line 237, col 28 to line 237, col 61 of module ParallelRaftModified: 116850
@!@!@ENDMSG 2221 @!@!@
@!@!@STARTMSG 2221:0 @!@!@
  ||||line 237, col 43 to line 237, col 60 of module ParallelRaftModified: 701100
@!@!@ENDMSG 2221 @!@!@
@!@!@STARTMSG 2221:0 @!@!@
  ||||line 237, col 35 to line 237, col 39 of module ParallelRaftModified: 116850
@!@!@ENDMSG 2221 @!@!@
@!@!@STARTMSG 2221:0 @!@!@
  |line 244, col 37 to line 244, col 96 of module ParallelRaftModified: 116850
@!@!@ENDMSG 2221 @!@!@
@!@!@STARTMSG 2221:0 @!@!@
  ||line 244, col 40 to line 244, col 49 of module ParallelRaftModified: 116850
@!@!@ENDMSG 2221 @!@!@
@!@!@STARTMSG 2221:0 @!@!@
  |||line 244, col 40 to line 244, col 44 of module ParallelRaftModified: 116850
@!@!@ENDMSG 2221 @!@!@
@!@!@STARTMSG 2221:0 @!@!@
  ||||line 236, col 26 to line 236, col 64 of module ParallelRaftModified: 116850
@!@!@ENDMSG 2221 @!@!@
@!@!@STARTMSG 2221:0 @!@!@
  |||||line 60, col 11 to line 60, col 71 of module ParallelRaftModified: 116850
@!@!@ENDMSG 2221 @!@!@
@!@!@STARTMSG 2221:0 @!@!@
  |||||line 236, col 30 to line 236, col 63 of module ParallelRaftModified: 116850
@!@!@ENDMSG 2221 @!@!@
@!@!@STARTMSG 2221:0 @!@!@
  ||||||line 236, col 45 to line 236, col 62 of module ParallelRaftModified: 701100
@!@!@ENDMSG 2221 @!@!@
@!@!@STARTMSG 2221:0 @!@!@
  ||||||line 236, col 37 to line 236, col 41 of module ParallelRaftModified: 116850
@!@!@ENDMSG 2221 @!@!@
@!@!@STARTMSG 2221:0 @!@!@
  |||line 244, col 48 to line 244, col 49 of module ParallelRaftModified: 116850
@!@!@ENDMSG 2221 @!@!@
@!@!@STARTMSG 2221:0 @!@!@
  ||line 244, col 56 to line 244, col 58 of module ParallelRaftModified: 116850
@!@!@ENDMSG 2221 @!@!@
@!@!@STARTMSG 2221:0 @!@!@
  |line 245, col 24 to line 245, col 36 of module ParallelRaftModified: 116835
@!@!@ENDMSG 2221 @!@!@
@!@!@STARTMSG 2221:0 @!@!@
  |line 246, col 24 to line 246, col 36 of module ParallelRaftModified: 116835
@!@!@ENDMSG 2221 @!@!@
@!@!@STARTMSG 2221:0 @!@!@
  line 235, col 17 to line 235, col 26 of module ParallelRaftModified: 115620
@!@!@ENDMSG 2221 @!@!@
@!@!@STARTMSG 2221:0 @!@!@
  line 247, col 8 to line 247, col 72 of module ParallelRaftModified: 116835
@!@!@ENDMSG 2221 @!@!@
@!@!@STARTMSG 2772:0 @!@!@
<HandleRequestSyncRequest line 250, col 1 to line 250, col 27 of module ParallelRaftModified>: 20575:32168
@!@!@ENDMSG 2772 @!@!@
@!@!@STARTMSG 2221:0 @!@!@
  line 256, col 21 to line 256, col 48 of module ParallelRaftModified: 16645680
@!@!@ENDMSG 2221 @!@!@
@!@!@STARTMSG 2221:0 @!@!@
  |line 256, col 21 to line 256, col 27 of module ParallelRaftModified: 16613544
@!@!@ENDMSG 2221 @!@!@
@!@!@STARTMSG 2221:0 @!@!@
  |line 256, col 31 to line 256, col 48 of module ParallelRaftModified: 16613544
@!@!@ENDMSG 2221 @!@!@
@!@!@STARTMSG 2221:0 @!@!@
  line 257, col 21 to line 257, col 47 of module ParallelRaftModified: 32168
@!@!@ENDMSG 2221 @!@!@
@!@!@STARTMSG 2221:0 @!@!@
  |line 257, col 21 to line 257, col 27 of module ParallelRaftModified: 56268
@!@!@ENDMSG 2221 @!@!@
@!@!@STARTMSG 2221:0 @!@!@
  |line 257, col 34 to line 257, col 47 of module ParallelRaftModified: 56268
@!@!@ENDMSG 2221 @!@!@
@!@!@STARTMSG 2221:0 @!@!@
  line 258, col 21 to line 258, col 26 of module ParallelRaftModified: 83092
@!@!@ENDMSG 2221 @!@!@
@!@!@STARTMSG 2221:0 @!@!@
  |line 258, col 21 to line 258, col 21 of module ParallelRaftModified: 50924
@!@!@ENDMSG 2221 @!@!@
@!@!@STARTMSG 2221:0 @!@!@
  |line 258, col 26 to line 258, col 26 of module ParallelRaftModified: 50924
@!@!@ENDMSG 2221 @!@!@
@!@!@STARTMSG 2221:0 @!@!@
  line 253, col 38 to line 253, col 61 of module ParallelRaftModified: 52461
@!@!@ENDMSG 2221 @!@!@
@!@!@STARTMSG 2221:0 @!@!@
  |line 253, col 38 to line 253, col 44 of module ParallelRaftModified: 32168
@!@!@ENDMSG 2221 @!@!@
@!@!@STARTMSG 2221:0 @!@!@
  |line 253, col 48 to line 253, col 61 of module ParallelRaftModified: 32168
@!@!@ENDMSG 2221 @!@!@
@!@!@STARTMSG 2221:0 @!@!@
  line 254, col 38 to line 254, col 54 of module ParallelRaftModified: 41003
@!@!@ENDMSG 2221 @!@!@
@!@!@STARTMSG 2221:0 @!@!@
  |line 254, col 38 to line 254, col 44 of module ParallelRaftModified: 20710
@!@!@ENDMSG 2221 @!@!@
@!@!@STARTMSG 2221:0 @!@!@
  |line 254, col 48 to line 254, col 54 of module ParallelRaftModified: 20710
@!@!@ENDMSG 2221 @!@!@
@!@!@STARTMSG 2221:0 @!@!@
  line 260, col 27 to line 274, col 102 of module ParallelRaftModified: 20293
@!@!@ENDMSG 2221 @!@!@
@!@!@STARTMSG 2221:0 @!@!@
  line 275, col 27 to line 275, col 97 of module ParallelRaftModified: 20293
@!@!@ENDMSG 2221 @!@!@
@!@!@STARTMSG 2221:0 @!@!@
  line 276, col 27 to line 276, col 36 of module ParallelRaftModified: 44043
@!@!@ENDMSG 2221 @!@!@
@!@!@STARTMSG 2221:0 @!@!@
  |line 276, col 32 to line 276, col 36 of module ParallelRaftModified: 32168
@!@!@ENDMSG 2221 @!@!@
@!@!@STARTMSG 2221:0 @!@!@
  ||line 253, col 35 to line 254, col 54 of module ParallelRaftModified: 32168
@!@!@ENDMSG 2221 @!@!@
@!@!@STARTMSG 2221:0 @!@!@
  |||line 253, col 38 to line 253, col 61 of module ParallelRaftModified: 32168
@!@!@ENDMSG 2221 @!@!@
@!@!@STARTMSG 2221:0 @!@!@
  |||line 254, col 38 to line 254, col 54 of module ParallelRaftModified: 20710
@!@!@ENDMSG 2221 @!@!@
@!@!@STARTMSG 2221:0 @!@!@
  line 277, col 27 to line 277, col 52 of module ParallelRaftModified: 11875
@!@!@ENDMSG 2221 @!@!@
@!@!@STARTMSG 2221:0 @!@!@
  line 54, col 12 to line 54, col 40 of module ParallelRaftModified: 32168
@!@!@ENDMSG 2221 @!@!@
@!@!@STARTMSG 2221:0 @!@!@
  line 278, col 26 to line 285, col 38 of module ParallelRaftModified: 32168
@!@!@ENDMSG 2221 @!@!@
@!@!@STARTMSG 2221:0 @!@!@
  |line 278, col 27 to line 278, col 55 of module ParallelRaftModified: 32168
@!@!@ENDMSG 2221 @!@!@
@!@!@STARTMSG 2221:0 @!@!@
  |line 279, col 27 to line 279, col 50 of module ParallelRaftModified: 32168
@!@!@ENDMSG 2221 @!@!@
@!@!@STARTMSG 2221:0 @!@!@
  |line 280, col 44 to line 280, col 48 of module ParallelRaftModified: 32168
@!@!@ENDMSG 2221 @!@!@
@!@!@STARTMSG 2221:0 @!@!@
  ||line 253, col 35 to line 254, col 54 of module ParallelRaftModified: 32168
@!@!@ENDMSG 2221 @!@!@
@!@!@STARTMSG 2221:0 @!@!@
  |||line 253, col 38 to line 253, col 61 of module ParallelRaftModified: 32168
@!@!@ENDMSG 2221 @!@!@
@!@!@STARTMSG 2221:0 @!@!@
  |||line 254, col 38 to line 254, col 54 of module ParallelRaftModified: 20710
@!@!@ENDMSG 2221 @!@!@
@!@!@STARTMSG 2221:0 @!@!@
  |line 281, col 27 to line 281, col 43 of module ParallelRaftModified: 32168
@!@!@ENDMSG 2221 @!@!@
@!@!@STARTMSG 2221:0 @!@!@
  |line 282, col 27 to line 282, col 45 of module ParallelRaftModified: 32168
@!@!@ENDMSG 2221 @!@!@
@!@!@STARTMSG 2221:0 @!@!@
  |line 283, col 27 to line 283, col 41 of module ParallelRaftModified: 32168
@!@!@ENDMSG 2221 @!@!@
@!@!@STARTMSG 2221:0 @!@!@
  |line 284, col 27 to line 284, col 39 of module ParallelRaftModified: 32168
@!@!@ENDMSG 2221 @!@!@
@!@!@STARTMSG 2221:0 @!@!@
  |line 285, col 27 to line 285, col 37 of module ParallelRaftModified: 32168
@!@!@ENDMSG 2221 @!@!@
@!@!@STARTMSG 2221:0 @!@!@
  line 286, col 10 to line 286, col 94 of module ParallelRaftModified: 32168
@!@!@ENDMSG 2221 @!@!@
@!@!@STARTMSG 2221:0 @!@!@
  line 251, col 17 to line 251, col 24 of module ParallelRaftModified: 3056934
@!@!@ENDMSG 2221 @!@!@
@!@!@STARTMSG 2772:0 @!@!@
<HandleRequestSyncResponse line 288, col 1 to line 288, col 28 of module ParallelRaftModified>: 280:412
@!@!@ENDMSG 2772 @!@!@
@!@!@STARTMSG 2221:0 @!@!@
  line 291, col 12 to line 291, col 40 of module ParallelRaftModified: 16617886
@!@!@ENDMSG 2221 @!@!@
@!@!@STARTMSG 2221:0 @!@!@
  |line 291, col 12 to line 291, col 18 of module ParallelRaftModified: 16617474
@!@!@ENDMSG 2221 @!@!@
@!@!@STARTMSG 2221:0 @!@!@
  |line 291, col 22 to line 291, col 40 of module ParallelRaftModified: 16617474
@!@!@ENDMSG 2221 @!@!@
@!@!@STARTMSG 2221:0 @!@!@
  line 292, col 12 to line 292, col 22 of module ParallelRaftModified: 31168
@!@!@ENDMSG 2221 @!@!@
@!@!@STARTMSG 2221:0 @!@!@
  |line 292, col 12 to line 292, col 18 of module ParallelRaftModified: 30756
@!@!@ENDMSG 2221 @!@!@
@!@!@STARTMSG 2221:0 @!@!@
  |line 292, col 22 to line 292, col 22 of module ParallelRaftModified: 30756
@!@!@ENDMSG 2221 @!@!@
@!@!@STARTMSG 2221:0 @!@!@
  line 293, col 12 to line 293, col 35 of module ParallelRaftModified: 10664
@!@!@ENDMSG 2221 @!@!@
@!@!@STARTMSG 2221:0 @!@!@
  |line 293, col 12 to line 293, col 25 of module ParallelRaftModified: 10252
@!@!@ENDMSG 2221 @!@!@
@!@!@STARTMSG 2221:0 @!@!@
  |line 293, col 29 to line 293, col 35 of module ParallelRaftModified: 10252
@!@!@ENDMSG 2221 @!@!@
@!@!@STARTMSG 2221:0 @!@!@
  line 294, col 12 to line 294, col 55 of module ParallelRaftModified: 8270
@!@!@ENDMSG 2221 @!@!@
@!@!@STARTMSG 2221:0 @!@!@
  |line 294, col 12 to line 294, col 26 of module ParallelRaftModified: 7858
@!@!@ENDMSG 2221 @!@!@
@!@!@STARTMSG 2221:0 @!@!@
  |line 294, col 32 to line 294, col 55 of module ParallelRaftModified: 7858
@!@!@ENDMSG 2221 @!@!@
@!@!@STARTMSG 2221:0 @!@!@
  line 295, col 12 to line 295, col 60 of module ParallelRaftModified: 412
@!@!@ENDMSG 2221 @!@!@
@!@!@STARTMSG 2221:0 @!@!@
  |line 295, col 25 to line 295, col 60 of module ParallelRaftModified: 6396
@!@!@ENDMSG 2221 @!@!@
@!@!@STARTMSG 2221:0 @!@!@
  line 296, col 18 to line 296, col 31 of module ParallelRaftModified: 6773
@!@!@ENDMSG 2221 @!@!@
@!@!@STARTMSG 2221:0 @!@!@
  |line 296, col 18 to line 296, col 18 of module ParallelRaftModified: 6396
@!@!@ENDMSG 2221 @!@!@
@!@!@STARTMSG 2221:0 @!@!@
  line 297, col 18 to line 297, col 34 of module ParallelRaftModified: 377
@!@!@ENDMSG 2221 @!@!@
@!@!@STARTMSG 2221:0 @!@!@
  |line 297, col 18 to line 297, col 24 of module ParallelRaftModified: 6361
@!@!@ENDMSG 2221 @!@!@
@!@!@STARTMSG 2221:0 @!@!@
  |line 297, col 28 to line 297, col 34 of module ParallelRaftModified: 6361
@!@!@ENDMSG 2221 @!@!@
@!@!@STARTMSG 2221:0 @!@!@
  line 54, col 12 to line 54, col 40 of module ParallelRaftModified: 377
@!@!@ENDMSG 2221 @!@!@
@!@!@STARTMSG 2221:0 @!@!@
  line 298, col 24 to line 303, col 39 of module ParallelRaftModified: 377
@!@!@ENDMSG 2221 @!@!@
@!@!@STARTMSG 2221:0 @!@!@
  |line 298, col 26 to line 298, col 52 of module ParallelRaftModified: 377
@!@!@ENDMSG 2221 @!@!@
@!@!@STARTMSG 2221:0 @!@!@
  |line 299, col 26 to line 299, col 49 of module ParallelRaftModified: 377
@!@!@ENDMSG 2221 @!@!@
@!@!@STARTMSG 2221:0 @!@!@
  |line 300, col 36 to line 301, col 87 of module ParallelRaftModified: 377
@!@!@ENDMSG 2221 @!@!@
@!@!@STARTMSG 2221:0 @!@!@
  ||line 60, col 11 to line 60, col 71 of module ParallelRaftModified: 377
@!@!@ENDMSG 2221 @!@!@
@!@!@STARTMSG 2221:0 @!@!@
  ||line 300, col 40 to line 301, col 86 of module ParallelRaftModified: 377
@!@!@ENDMSG 2221 @!@!@
@!@!@STARTMSG 2221:0 @!@!@
  |||line 300, col 40 to line 300, col 48 of module ParallelRaftModified: 377
@!@!@ENDMSG 2221 @!@!@
@!@!@STARTMSG 2775:0 @!@!@
  |||line 300, col 57 to line 301, col 86 of module ParallelRaftModified: 377:377
@!@!@ENDMSG 2775 @!@!@
@!@!@STARTMSG 2221:0 @!@!@
  ||||line 300, col 70 to line 301, col 85 of module ParallelRaftModified: 2262
@!@!@ENDMSG 2221 @!@!@
@!@!@STARTMSG 2221:0 @!@!@
  |||||line 300, col 70 to line 300, col 80 of module ParallelRaftModified: 2262
@!@!@ENDMSG 2221 @!@!@
@!@!@STARTMSG 2221:0 @!@!@
  |||||line 301, col 37 to line 301, col 85 of module ParallelRaftModified: 1885
@!@!@ENDMSG 2221 @!@!@
@!@!@STARTMSG 2221:0 @!@!@
  ||||||line 301, col 37 to line 301, col 83 of module ParallelRaftModified: 1885
@!@!@ENDMSG 2221 @!@!@
@!@!@STARTMSG 2221:0 @!@!@
  |||||||line 301, col 49 to line 301, col 82 of module ParallelRaftModified: 1885
@!@!@ENDMSG 2221 @!@!@
@!@!@STARTMSG 2221:0 @!@!@
  ||||||||line 301, col 64 to line 301, col 81 of module ParallelRaftModified: 11310
@!@!@ENDMSG 2221 @!@!@
@!@!@STARTMSG 2221:0 @!@!@
  ||||||||line 301, col 56 to line 301, col 60 of module ParallelRaftModified: 1885
@!@!@ENDMSG 2221 @!@!@
@!@!@STARTMSG 2221:0 @!@!@
  ||||line 300, col 64 to line 300, col 66 of module ParallelRaftModified: 377
@!@!@ENDMSG 2221 @!@!@
@!@!@STARTMSG 2221:0 @!@!@
  |line 302, col 26 to line 302, col 38 of module ParallelRaftModified: 377
@!@!@ENDMSG 2221 @!@!@
@!@!@STARTMSG 2221:0 @!@!@
  |line 303, col 26 to line 303, col 38 of module ParallelRaftModified: 377
@!@!@ENDMSG 2221 @!@!@
@!@!@STARTMSG 2221:0 @!@!@
  line 304, col 18 to line 304, col 36 of module ParallelRaftModified: 6431
@!@!@ENDMSG 2221 @!@!@
@!@!@STARTMSG 2221:0 @!@!@
  |line 304, col 23 to line 304, col 36 of module ParallelRaftModified: 6396
@!@!@ENDMSG 2221 @!@!@
@!@!@STARTMSG 2221:0 @!@!@
  line 305, col 18 to line 305, col 35 of module ParallelRaftModified: 35
@!@!@ENDMSG 2221 @!@!@
@!@!@STARTMSG 2221:0 @!@!@
  line 289, col 17 to line 289, col 24 of module ParallelRaftModified: 3057597
@!@!@ENDMSG 2221 @!@!@
@!@!@STARTMSG 2221:0 @!@!@
  line 306, col 8 to line 306, col 62 of module ParallelRaftModified: 412
@!@!@ENDMSG 2221 @!@!@
@!@!@STARTMSG 2772:0 @!@!@
<UpdateSync line 308, col 1 to line 308, col 13 of module ParallelRaftModified>: 5250:21570
@!@!@ENDMSG 2772 @!@!@
@!@!@STARTMSG 2221:0 @!@!@
  line 309, col 8 to line 309, col 40 of module ParallelRaftModified: 9188952
@!@!@ENDMSG 2221 @!@!@
@!@!@STARTMSG 2221:0 @!@!@
  |line 309, col 8 to line 309, col 22 of module ParallelRaftModified: 9172809
@!@!@ENDMSG 2221 @!@!@
@!@!@STARTMSG 2221:0 @!@!@
  |line 309, col 26 to line 309, col 40 of module ParallelRaftModified: 9172809
@!@!@ENDMSG 2221 @!@!@
@!@!@STARTMSG 2221:0 @!@!@
  line 318, col 58 to line 318, col 70 of module ParallelRaftModified: 129600
@!@!@ENDMSG 2221 @!@!@
@!@!@STARTMSG 2221:0 @!@!@
  |line 318, col 58 to line 318, col 66 of module ParallelRaftModified: 104412
@!@!@ENDMSG 2221 @!@!@
@!@!@STARTMSG 2221:0 @!@!@
  |line 318, col 70 to line 318, col 70 of module ParallelRaftModified: 104412
@!@!@ENDMSG 2221 @!@!@
@!@!@STARTMSG 2221:0 @!@!@
  line 318, col 44 to line 318, col 54 of module ParallelRaftModified: 714207
@!@!@ENDMSG 2221 @!@!@
@!@!@STARTMSG 2775:0 @!@!@
  |line 311, col 34 to line 316, col 66 of module ParallelRaftModified: 714207:818619
@!@!@ENDMSG 2775 @!@!@
@!@!@STARTMSG 2221:0 @!@!@
  ||line 311, col 52 to line 316, col 65 of module ParallelRaftModified: 4424328
@!@!@ENDMSG 2221 @!@!@
@!@!@STARTMSG 2221:0 @!@!@
  |||line 311, col 55 to line 311, col 83 of module ParallelRaftModified: 4424328
@!@!@ENDMSG 2221 @!@!@
@!@!@STARTMSG 2221:0 @!@!@
  |||line 312, col 55 to line 312, col 78 of module ParallelRaftModified: 172779
@!@!@ENDMSG 2221 @!@!@
@!@!@STARTMSG 2221:0 @!@!@
  |||line 313, col 55 to line 313, col 75 of module ParallelRaftModified: 143577
@!@!@ENDMSG 2221 @!@!@
@!@!@STARTMSG 2221:0 @!@!@
  |||line 314, col 55 to line 314, col 71 of module ParallelRaftModified: 142797
@!@!@ENDMSG 2221 @!@!@
@!@!@STARTMSG 2221:0 @!@!@
  |||line 315, col 55 to line 315, col 69 of module ParallelRaftModified: 136056
@!@!@ENDMSG 2221 @!@!@
@!@!@STARTMSG 2221:0 @!@!@
  |||line 316, col 55 to line 316, col 65 of module ParallelRaftModified: 104412
@!@!@ENDMSG 2221 @!@!@
@!@!@STARTMSG 2221:0 @!@!@
  ||line 311, col 41 to line 311, col 48 of module ParallelRaftModified: 714207
@!@!@ENDMSG 2221 @!@!@
@!@!@STARTMSG 2221:0 @!@!@
  line 318, col 76 to line 318, col 80 of module ParallelRaftModified: 733968
@!@!@ENDMSG 2221 @!@!@
@!@!@STARTMSG 2221:0 @!@!@
  |line 318, col 76 to line 318, col 76 of module ParallelRaftModified: 714207
@!@!@ENDMSG 2221 @!@!@
@!@!@STARTMSG 2221:0 @!@!@
  |line 318, col 80 to line 318, col 80 of module ParallelRaftModified: 714207
@!@!@ENDMSG 2221 @!@!@
@!@!@STARTMSG 2221:0 @!@!@
  line 318, col 30 to line 318, col 30 of module ParallelRaftModified: 462564
@!@!@ENDMSG 2221 @!@!@
@!@!@STARTMSG 2221:0 @!@!@
  line 319, col 22 to line 324, col 97 of module ParallelRaftModified: 21570
@!@!@ENDMSG 2221 @!@!@
@!@!@STARTMSG 2221:0 @!@!@
  |line 320, col 47 to line 323, col 90 of module ParallelRaftModified: 21570
@!@!@ENDMSG 2221 @!@!@
@!@!@STARTMSG 2775:0 @!@!@
  |line 319, col 50 to line 319, col 89 of module ParallelRaftModified: 21570:21570
@!@!@ENDMSG 2775 @!@!@
@!@!@STARTMSG 2221:0 @!@!@
  ||line 319, col 65 to line 319, col 88 of module ParallelRaftModified: 129420
@!@!@ENDMSG 2221 @!@!@
@!@!@STARTMSG 2221:0 @!@!@
  ||line 319, col 57 to line 319, col 61 of module ParallelRaftModified: 21570
@!@!@ENDMSG 2221 @!@!@
@!@!@STARTMSG 2221:0 @!@!@
  |line 324, col 38 to line 324, col 97 of module ParallelRaftModified: 21570
@!@!@ENDMSG 2221 @!@!@
@!@!@STARTMSG 2221:0 @!@!@
  line 325, col 21 to line 329, col 41 of module ParallelRaftModified: 21570
@!@!@ENDMSG 2221 @!@!@
@!@!@STARTMSG 2221:0 @!@!@
  line 310, col 17 to line 310, col 23 of module ParallelRaftModified: 115641
@!@!@ENDMSG 2221 @!@!@
@!@!@STARTMSG 2221:0 @!@!@
  line 330, col 8 to line 330, col 63 of module ParallelRaftModified: 21570
@!@!@ENDMSG 2221 @!@!@
@!@!@STARTMSG 2772:0 @!@!@
<HandleUpdateSyncRequest line 332, col 1 to line 332, col 26 of module ParallelRaftModified>: 3534:4199
@!@!@ENDMSG 2772 @!@!@
@!@!@STARTMSG 2221:0 @!@!@
  line 338, col 12 to line 338, col 38 of module ParallelRaftModified: 16629959
@!@!@ENDMSG 2221 @!@!@
@!@!@STARTMSG 2221:0 @!@!@
  |line 338, col 12 to line 338, col 18 of module ParallelRaftModified: 16625781
@!@!@ENDMSG 2221 @!@!@
@!@!@STARTMSG 2221:0 @!@!@
  |line 338, col 22 to line 338, col 38 of module ParallelRaftModified: 16625781
@!@!@ENDMSG 2221 @!@!@
@!@!@STARTMSG 2221:0 @!@!@
  line 339, col 12 to line 339, col 24 of module ParallelRaftModified: 10400
@!@!@ENDMSG 2221 @!@!@
@!@!@STARTMSG 2221:0 @!@!@
  |line 339, col 12 to line 339, col 12 of module ParallelRaftModified: 6201
@!@!@ENDMSG 2221 @!@!@
@!@!@STARTMSG 2221:0 @!@!@
  |line 339, col 18 to line 339, col 24 of module ParallelRaftModified: 6201
@!@!@ENDMSG 2221 @!@!@
@!@!@STARTMSG 2221:0 @!@!@
  line 340, col 12 to line 340, col 38 of module ParallelRaftModified: 4199
@!@!@ENDMSG 2221 @!@!@
@!@!@STARTMSG 2221:0 @!@!@
  line 334, col 25 to line 334, col 48 of module ParallelRaftModified: 7316
@!@!@ENDMSG 2221 @!@!@
@!@!@STARTMSG 2221:0 @!@!@
  |line 334, col 25 to line 334, col 38 of module ParallelRaftModified: 4199
@!@!@ENDMSG 2221 @!@!@
@!@!@STARTMSG 2221:0 @!@!@
  |line 334, col 42 to line 334, col 48 of module ParallelRaftModified: 4199
@!@!@ENDMSG 2221 @!@!@
@!@!@STARTMSG 2221:0 @!@!@
  line 335, col 25 to line 335, col 41 of module ParallelRaftModified: 3117
@!@!@ENDMSG 2221 @!@!@
@!@!@STARTMSG 2221:0 @!@!@
  |line 335, col 25 to line 335, col 31 of module ParallelRaftModified: 3878
@!@!@ENDMSG 2221 @!@!@
@!@!@STARTMSG 2221:0 @!@!@
  |line 335, col 35 to line 335, col 41 of module ParallelRaftModified: 3878
@!@!@ENDMSG 2221 @!@!@
@!@!@STARTMSG 2221:0 @!@!@
  line 342, col 18 to line 342, col 53 of module ParallelRaftModified: 3117
@!@!@ENDMSG 2221 @!@!@
@!@!@STARTMSG 2221:0 @!@!@
  line 343, col 18 to line 348, col 60 of module ParallelRaftModified: 3117
@!@!@ENDMSG 2221 @!@!@
@!@!@STARTMSG 2221:0 @!@!@
  line 349, col 18 to line 349, col 27 of module ParallelRaftModified: 5281
@!@!@ENDMSG 2221 @!@!@
@!@!@STARTMSG 2221:0 @!@!@
  |line 349, col 23 to line 349, col 27 of module ParallelRaftModified: 4199
@!@!@ENDMSG 2221 @!@!@
@!@!@STARTMSG 2221:0 @!@!@
  ||line 334, col 22 to line 335, col 41 of module ParallelRaftModified: 4199
@!@!@ENDMSG 2221 @!@!@
@!@!@STARTMSG 2221:0 @!@!@
  |||line 334, col 25 to line 334, col 48 of module ParallelRaftModified: 4199
@!@!@ENDMSG 2221 @!@!@
@!@!@STARTMSG 2221:0 @!@!@
  |||line 335, col 25 to line 335, col 41 of module ParallelRaftModified: 3878
@!@!@ENDMSG 2221 @!@!@
@!@!@STARTMSG 2221:0 @!@!@
  line 350, col 18 to line 350, col 39 of module ParallelRaftModified: 1082
@!@!@ENDMSG 2221 @!@!@
@!@!@STARTMSG 2221:0 @!@!@
  line 54, col 12 to line 54, col 40 of module ParallelRaftModified: 4199
@!@!@ENDMSG 2221 @!@!@
@!@!@STARTMSG 2221:0 @!@!@
  line 351, col 17 to line 356, col 31 of module ParallelRaftModified: 4199
@!@!@ENDMSG 2221 @!@!@
@!@!@STARTMSG 2221:0 @!@!@
  |line 351, col 20 to line 351, col 47 of module ParallelRaftModified: 4199
@!@!@ENDMSG 2221 @!@!@
@!@!@STARTMSG 2221:0 @!@!@
  |line 352, col 20 to line 352, col 43 of module ParallelRaftModified: 4199
@!@!@ENDMSG 2221 @!@!@
@!@!@STARTMSG 2221:0 @!@!@
  |line 353, col 43 to line 353, col 47 of module ParallelRaftModified: 4199
@!@!@ENDMSG 2221 @!@!@
@!@!@STARTMSG 2221:0 @!@!@
  ||line 334, col 22 to line 335, col 41 of module ParallelRaftModified: 4199
@!@!@ENDMSG 2221 @!@!@
@!@!@STARTMSG 2221:0 @!@!@
  |||line 334, col 25 to line 334, col 48 of module ParallelRaftModified: 4199
@!@!@ENDMSG 2221 @!@!@
@!@!@STARTMSG 2221:0 @!@!@
  |||line 335, col 25 to line 335, col 41 of module ParallelRaftModified: 3878
@!@!@ENDMSG 2221 @!@!@
@!@!@STARTMSG 2221:0 @!@!@
  |line 354, col 20 to line 354, col 37 of module ParallelRaftModified: 4199
@!@!@ENDMSG 2221 @!@!@
@!@!@STARTMSG 2221:0 @!@!@
  |line 355, col 20 to line 355, col 32 of module ParallelRaftModified: 4199
@!@!@ENDMSG 2221 @!@!@
@!@!@STARTMSG 2221:0 @!@!@
  |line 356, col 20 to line 356, col 30 of module ParallelRaftModified: 4199
@!@!@ENDMSG 2221 @!@!@
@!@!@STARTMSG 2221:0 @!@!@
  line 357, col 8 to line 357, col 97 of module ParallelRaftModified: 4199
@!@!@ENDMSG 2221 @!@!@
@!@!@STARTMSG 2221:0 @!@!@
  line 333, col 14 to line 333, col 21 of module ParallelRaftModified: 3058920
@!@!@ENDMSG 2221 @!@!@
@!@!@STARTMSG 2772:0 @!@!@
<HandleUpdateSyncResponse line 359, col 1 to line 359, col 27 of module ParallelRaftModified>: 602:781
@!@!@ENDMSG 2772 @!@!@
@!@!@STARTMSG 2221:0 @!@!@
  line 362, col 12 to line 362, col 39 of module ParallelRaftModified: 16630829
@!@!@ENDMSG 2221 @!@!@
@!@!@STARTMSG 2221:0 @!@!@
  |line 362, col 12 to line 362, col 18 of module ParallelRaftModified: 16630050
@!@!@ENDMSG 2221 @!@!@
@!@!@STARTMSG 2221:0 @!@!@
  |line 362, col 22 to line 362, col 39 of module ParallelRaftModified: 16630050
@!@!@ENDMSG 2221 @!@!@
@!@!@STARTMSG 2221:0 @!@!@
  line 363, col 12 to line 363, col 22 of module ParallelRaftModified: 3424
@!@!@ENDMSG 2221 @!@!@
@!@!@STARTMSG 2221:0 @!@!@
  |line 363, col 12 to line 363, col 18 of module ParallelRaftModified: 2643
@!@!@ENDMSG 2221 @!@!@
@!@!@STARTMSG 2221:0 @!@!@
  |line 363, col 22 to line 363, col 22 of module ParallelRaftModified: 2643
@!@!@ENDMSG 2221 @!@!@
@!@!@STARTMSG 2221:0 @!@!@
  line 364, col 12 to line 364, col 35 of module ParallelRaftModified: 1662
@!@!@ENDMSG 2221 @!@!@
@!@!@STARTMSG 2221:0 @!@!@
  |line 364, col 12 to line 364, col 25 of module ParallelRaftModified: 881
@!@!@ENDMSG 2221 @!@!@
@!@!@STARTMSG 2221:0 @!@!@
  |line 364, col 29 to line 364, col 35 of module ParallelRaftModified: 881
@!@!@ENDMSG 2221 @!@!@
@!@!@STARTMSG 2221:0 @!@!@
  line 365, col 12 to line 365, col 55 of module ParallelRaftModified: 1636
@!@!@ENDMSG 2221 @!@!@
@!@!@STARTMSG 2221:0 @!@!@
  |line 365, col 12 to line 365, col 26 of module ParallelRaftModified: 855
@!@!@ENDMSG 2221 @!@!@
@!@!@STARTMSG 2221:0 @!@!@
  |line 365, col 32 to line 365, col 55 of module ParallelRaftModified: 855
@!@!@ENDMSG 2221 @!@!@
@!@!@STARTMSG 2221:0 @!@!@
  line 366, col 18 to line 366, col 37 of module ParallelRaftModified: 1495
@!@!@ENDMSG 2221 @!@!@
@!@!@STARTMSG 2221:0 @!@!@
  |line 366, col 18 to line 366, col 18 of module ParallelRaftModified: 781
@!@!@ENDMSG 2221 @!@!@
@!@!@STARTMSG 2221:0 @!@!@
  line 367, col 18 to line 367, col 66 of module ParallelRaftModified: 714
@!@!@ENDMSG 2221 @!@!@
@!@!@STARTMSG 2221:0 @!@!@
  line 368, col 18 to line 368, col 42 of module ParallelRaftModified: 848
@!@!@ENDMSG 2221 @!@!@
@!@!@STARTMSG 2221:0 @!@!@
  |line 368, col 23 to line 368, col 42 of module ParallelRaftModified: 781
@!@!@ENDMSG 2221 @!@!@
@!@!@STARTMSG 2221:0 @!@!@
  line 369, col 18 to line 369, col 36 of module ParallelRaftModified: 67
@!@!@ENDMSG 2221 @!@!@
@!@!@STARTMSG 2221:0 @!@!@
  line 360, col 17 to line 360, col 24 of module ParallelRaftModified: 3059565
@!@!@ENDMSG 2221 @!@!@
@!@!@STARTMSG 2221:0 @!@!@
  line 370, col 8 to line 370, col 71 of module ParallelRaftModified: 781
@!@!@ENDMSG 2221 @!@!@
@!@!@STARTMSG 2772:0 @!@!@
<BecomeLeader line 372, col 1 to line 372, col 15 of module ParallelRaftModified>: 33:33
@!@!@ENDMSG 2772 @!@!@
@!@!@STARTMSG 2221:0 @!@!@
  line 373, col 8 to line 373, col 40 of module ParallelRaftModified: 3059607
@!@!@ENDMSG 2221 @!@!@
@!@!@STARTMSG 2221:0 @!@!@
  |line 373, col 8 to line 373, col 22 of module ParallelRaftModified: 3059574
@!@!@ENDMSG 2221 @!@!@
@!@!@STARTMSG 2221:0 @!@!@
  |line 373, col 26 to line 373, col 40 of module ParallelRaftModified: 3059574
@!@!@ENDMSG 2221 @!@!@
@!@!@STARTMSG 2221:0 @!@!@
  line 374, col 41 to line 374, col 45 of module ParallelRaftModified: 231084
@!@!@ENDMSG 2221 @!@!@
@!@!@STARTMSG 2221:0 @!@!@
  |line 374, col 41 to line 374, col 41 of module ParallelRaftModified: 231051
@!@!@ENDMSG 2221 @!@!@
@!@!@STARTMSG 2221:0 @!@!@
  |line 374, col 45 to line 374, col 45 of module ParallelRaftModified: 231051
@!@!@ENDMSG 2221 @!@!@
@!@!@STARTMSG 2221:0 @!@!@
  line 374, col 50 to line 374, col 81 of module ParallelRaftModified: 231084
@!@!@ENDMSG 2221 @!@!@
@!@!@STARTMSG 2221:0 @!@!@
  |line 374, col 50 to line 374, col 64 of module ParallelRaftModified: 231051
@!@!@ENDMSG 2221 @!@!@
@!@!@STARTMSG 2221:0 @!@!@
  |line 374, col 68 to line 374, col 81 of module ParallelRaftModified: 231051
@!@!@ENDMSG 2221 @!@!@
@!@!@STARTMSG 2221:0 @!@!@
  line 375, col 30 to line 380, col 79 of module ParallelRaftModified: 66
@!@!@ENDMSG 2221 @!@!@
@!@!@STARTMSG 2221:0 @!@!@
  |line 375, col 43 to line 380, col 79 of module ParallelRaftModified: 76892
@!@!@ENDMSG 2221 @!@!@
@!@!@STARTMSG 2221:0 @!@!@
  ||line 375, col 43 to line 375, col 51 of module ParallelRaftModified: 76892
@!@!@ENDMSG 2221 @!@!@
@!@!@STARTMSG 2775:0 @!@!@
  ||line 375, col 60 to line 380, col 79 of module ParallelRaftModified: 76892:606
@!@!@ENDMSG 2775 @!@!@
@!@!@STARTMSG 2221:0 @!@!@
  |||line 375, col 61 to line 380, col 78 of module ParallelRaftModified: 76892
@!@!@ENDMSG 2221 @!@!@
@!@!@STARTMSG 2221:0 @!@!@
  ||||line 375, col 63 to line 375, col 87 of module ParallelRaftModified: 76892
@!@!@ENDMSG 2221 @!@!@
@!@!@STARTMSG 2221:0 @!@!@
  ||||line 376, col 63 to line 376, col 79 of module ParallelRaftModified: 76892
@!@!@ENDMSG 2221 @!@!@
@!@!@STARTMSG 2221:0 @!@!@
  ||||line 377, col 63 to line 377, col 75 of module ParallelRaftModified: 76892
@!@!@ENDMSG 2221 @!@!@
@!@!@STARTMSG 2221:0 @!@!@
  ||||line 378, col 63 to line 378, col 74 of module ParallelRaftModified: 76892
@!@!@ENDMSG 2221 @!@!@
@!@!@STARTMSG 2221:0 @!@!@
  ||||line 379, col 77 to line 379, col 94 of module ParallelRaftModified: 76892
@!@!@ENDMSG 2221 @!@!@
@!@!@STARTMSG 2221:0 @!@!@
  |||||line 379, col 78 to line 379, col 83 of module ParallelRaftModified: 174437
@!@!@ENDMSG 2221 @!@!@
@!@!@STARTMSG 2221:0 @!@!@
  |||||line 379, col 93 to line 379, col 93 of module ParallelRaftModified: 76892
@!@!@ENDMSG 2221 @!@!@
@!@!@STARTMSG 2221:0 @!@!@
  ||||line 380, col 63 to line 380, col 77 of module ParallelRaftModified: 76892
@!@!@ENDMSG 2221 @!@!@
@!@!@STARTMSG 2221:0 @!@!@
  line 374, col 36 to line 374, col 36 of module ParallelRaftModified: 154192
@!@!@ENDMSG 2221 @!@!@
@!@!@STARTMSG 2221:0 @!@!@
  line 374, col 17 to line 374, col 23 of module ParallelRaftModified: 38549
@!@!@ENDMSG 2221 @!@!@
@!@!@STARTMSG 2221:0 @!@!@
  line 381, col 8 to line 381, col 50 of module ParallelRaftModified: 33
@!@!@ENDMSG 2221 @!@!@
@!@!@STARTMSG 2221:0 @!@!@
  line 382, col 8 to line 382, col 58 of module ParallelRaftModified: 33
@!@!@ENDMSG 2221 @!@!@
@!@!@STARTMSG 2221:0 @!@!@
  line 383, col 8 to line 388, col 60 of module ParallelRaftModified: 33
@!@!@ENDMSG 2221 @!@!@
@!@!@STARTMSG 2221:0 @!@!@
  line 389, col 8 to line 389, col 94 of module ParallelRaftModified: 33
@!@!@ENDMSG 2221 @!@!@
@!@!@STARTMSG 2772:0 @!@!@
<ClientRequest line 391, col 1 to line 391, col 18 of module ParallelRaftModified (397 5 400 73)>: 6:6
@!@!@ENDMSG 2772 @!@!@
@!@!@STARTMSG 2221:0 @!@!@
  line 397, col 8 to line 397, col 31 of module ParallelRaftModified: 9180474
@!@!@ENDMSG 2221 @!@!@
@!@!@STARTMSG 2221:0 @!@!@
  |line 397, col 8 to line 397, col 22 of module ParallelRaftModified: 9180468
@!@!@ENDMSG 2221 @!@!@
@!@!@STARTMSG 2221:0 @!@!@
  |line 397, col 26 to line 397, col 31 of module ParallelRaftModified: 9180468
@!@!@ENDMSG 2221 @!@!@
@!@!@STARTMSG 2221:0 @!@!@
  line 398, col 8 to line 398, col 24 of module ParallelRaftModified: 6
@!@!@ENDMSG 2221 @!@!@
@!@!@STARTMSG 2221:0 @!@!@
  |line 398, col 8 to line 398, col 22 of module ParallelRaftModified: 6
@!@!@ENDMSG 2221 @!@!@
@!@!@STARTMSG 2221:0 @!@!@
  ||line 110, col 15 to line 110, col 50 of module ParallelRaftModified: 6
@!@!@ENDMSG 2221 @!@!@
@!@!@STARTMSG 2221:0 @!@!@
  |||line 61, col 11 to line 61, col 71 of module ParallelRaftModified: 6
@!@!@ENDMSG 2221 @!@!@
@!@!@STARTMSG 2221:0 @!@!@
  |||line 110, col 19 to line 110, col 49 of module ParallelRaftModified: 6
@!@!@ENDMSG 2221 @!@!@
@!@!@STARTMSG 2221:0 @!@!@
  ||||line 110, col 34 to line 110, col 48 of module ParallelRaftModified: 36
@!@!@ENDMSG 2221 @!@!@
@!@!@STARTMSG 2221:0 @!@!@
  ||||line 110, col 26 to line 110, col 30 of module ParallelRaftModified: 6
@!@!@ENDMSG 2221 @!@!@
@!@!@STARTMSG 2221:0 @!@!@
  ||line 398, col 16 to line 398, col 21 of module ParallelRaftModified: 6
@!@!@ENDMSG 2221 @!@!@
@!@!@STARTMSG 2221:0 @!@!@
  line 399, col 8 to line 399, col 50 of module ParallelRaftModified: 6
@!@!@ENDMSG 2221 @!@!@
@!@!@STARTMSG 2221:0 @!@!@
  |line 399, col 15 to line 399, col 50 of module ParallelRaftModified: 6
@!@!@ENDMSG 2221 @!@!@
@!@!@STARTMSG 2221:0 @!@!@
  ||line 399, col 16 to line 399, col 18 of module ParallelRaftModified: 6
@!@!@ENDMSG 2221 @!@!@
@!@!@STARTMSG 2221:0 @!@!@
  ||line 399, col 29 to line 399, col 29 of module ParallelRaftModified: 6
@!@!@ENDMSG 2221 @!@!@
@!@!@STARTMSG 2221:0 @!@!@
  ||line 399, col 32 to line 399, col 40 of module ParallelRaftModified: 6
@!@!@ENDMSG 2221 @!@!@
@!@!@STARTMSG 2221:0 @!@!@
  |||line 392, col 23 to line 392, col 41 of module ParallelRaftModified: 6
@!@!@ENDMSG 2221 @!@!@
@!@!@STARTMSG 2221:0 @!@!@
  ||||line 392, col 23 to line 392, col 37 of module ParallelRaftModified: 6
@!@!@ENDMSG 2221 @!@!@
@!@!@STARTMSG 2221:0 @!@!@
  |||||line 110, col 15 to line 110, col 50 of module ParallelRaftModified: 6
@!@!@ENDMSG 2221 @!@!@
@!@!@STARTMSG 2221:0 @!@!@
  ||||||line 61, col 11 to line 61, col 71 of module ParallelRaftModified: 6
@!@!@ENDMSG 2221 @!@!@
@!@!@STARTMSG 2221:0 @!@!@
  ||||||line 110, col 19 to line 110, col 49 of module ParallelRaftModified: 6
@!@!@ENDMSG 2221 @!@!@
@!@!@STARTMSG 2221:0 @!@!@
  |||||||line 110, col 34 to line 110, col 48 of module ParallelRaftModified: 36
@!@!@ENDMSG 2221 @!@!@
@!@!@STARTMSG 2221:0 @!@!@
  |||||||line 110, col 26 to line 110, col 30 of module ParallelRaftModified: 6
@!@!@ENDMSG 2221 @!@!@
@!@!@STARTMSG 2221:0 @!@!@
  |||||line 392, col 31 to line 392, col 36 of module ParallelRaftModified: 6
@!@!@ENDMSG 2221 @!@!@
@!@!@STARTMSG 2221:0 @!@!@
  ||line 399, col 45 to line 399, col 49 of module ParallelRaftModified: 6
@!@!@ENDMSG 2221 @!@!@
@!@!@STARTMSG 2221:0 @!@!@
  line 400, col 8 to line 400, col 73 of module ParallelRaftModified: 6
@!@!@ENDMSG 2221 @!@!@
@!@!@STARTMSG 2774:0 @!@!@
<Lemma1 line 440, col 1 to line 440, col 6 of module ParallelRaftModified>
@!@!@ENDMSG 2774 @!@!@
@!@!@STARTMSG 2221:0 @!@!@
  line 440, col 11 to line 440, col 55 of module ParallelRaftModified: 3390294
@!@!@ENDMSG 2221 @!@!@
@!@!@STARTMSG 2221:0 @!@!@
  |line 440, col 29 to line 440, col 55 of module ParallelRaftModified: 10170888
@!@!@ENDMSG 2221 @!@!@
@!@!@STARTMSG 2221:0 @!@!@
  |line 440, col 20 to line 440, col 25 of module ParallelRaftModified: 3390296
@!@!@ENDMSG 2221 @!@!@
@!@!@STARTMSG 2774:0 @!@!@
<Lemma2 line 441, col 1 to line 441, col 6 of module ParallelRaftModified>
@!@!@ENDMSG 2774 @!@!@
@!@!@STARTMSG 2221:0 @!@!@
  line 441, col 11 to line 441, col 78 of module ParallelRaftModified: 3390301
@!@!@ENDMSG 2221 @!@!@
@!@!@STARTMSG 2221:0 @!@!@
  |line 441, col 29 to line 441, col 78 of module ParallelRaftModified: 10170903
@!@!@ENDMSG 2221 @!@!@
@!@!@STARTMSG 2221:0 @!@!@
  ||line 441, col 29 to line 441, col 50 of module ParallelRaftModified: 10170906
@!@!@ENDMSG 2221 @!@!@
@!@!@STARTMSG 2221:0 @!@!@
  ||line 441, col 55 to line 441, col 78 of module ParallelRaftModified: 47
@!@!@ENDMSG 2221 @!@!@
@!@!@STARTMSG 2221:0 @!@!@
  |line 441, col 20 to line 441, col 25 of module ParallelRaftModified: 3390304
@!@!@ENDMSG 2221 @!@!@
@!@!@STARTMSG 2774:0 @!@!@
<Lemma3 line 442, col 1 to line 442, col 6 of module ParallelRaftModified>
@!@!@ENDMSG 2774 @!@!@
@!@!@STARTMSG 2221:0 @!@!@
  line 442, col 11 to line 442, col 97 of module ParallelRaftModified: 3390306
@!@!@ENDMSG 2221 @!@!@
@!@!@STARTMSG 2221:0 @!@!@
  |line 442, col 38 to line 442, col 97 of module ParallelRaftModified: 251272
@!@!@ENDMSG 2221 @!@!@
@!@!@STARTMSG 2221:0 @!@!@
  ||line 442, col 38 to line 442, col 54 of module ParallelRaftModified: 251272
@!@!@ENDMSG 2221 @!@!@
@!@!@STARTMSG 2221:0 @!@!@
  ||line 442, col 59 to line 442, col 97 of module ParallelRaftModified: 251044
@!@!@ENDMSG 2221 @!@!@
@!@!@STARTMSG 2221:0 @!@!@
  |line 442, col 22 to line 442, col 34 of module ParallelRaftModified: 3390307
@!@!@ENDMSG 2221 @!@!@
@!@!@STARTMSG 2774:0 @!@!@
<Lemma4 line 443, col 1 to line 443, col 6 of module ParallelRaftModified>
@!@!@ENDMSG 2774 @!@!@
@!@!@STARTMSG 2221:0 @!@!@
  line 443, col 11 to line 444, col 74 of module ParallelRaftModified: 3390310
@!@!@ENDMSG 2221 @!@!@
@!@!@STARTMSG 2221:0 @!@!@
  |line 443, col 32 to line 444, col 74 of module ParallelRaftModified: 49
@!@!@ENDMSG 2221 @!@!@
@!@!@STARTMSG 2221:0 @!@!@
  |line 443, col 20 to line 443, col 28 of module ParallelRaftModified: 3390311
@!@!@ENDMSG 2221 @!@!@
@!@!@STARTMSG 2774:0 @!@!@
<Lemma5 line 445, col 1 to line 445, col 6 of module ParallelRaftModified>
@!@!@ENDMSG 2774 @!@!@
@!@!@STARTMSG 2221:0 @!@!@
  line 445, col 11 to line 445, col 75 of module ParallelRaftModified: 3390313
@!@!@ENDMSG 2221 @!@!@
@!@!@STARTMSG 2221:0 @!@!@
  |line 445, col 34 to line 445, col 75 of module ParallelRaftModified: 49
@!@!@ENDMSG 2221 @!@!@
@!@!@STARTMSG 2221:0 @!@!@
  |line 445, col 22 to line 445, col 30 of module ParallelRaftModified: 3390313
@!@!@ENDMSG 2221 @!@!@
@!@!@STARTMSG 2774:0 @!@!@
<Lemma6 line 446, col 1 to line 446, col 6 of module ParallelRaftModified>
@!@!@ENDMSG 2774 @!@!@
@!@!@STARTMSG 2221:0 @!@!@
  line 446, col 11 to line 446, col 83 of module ParallelRaftModified: 3390314
@!@!@ENDMSG 2221 @!@!@
@!@!@STARTMSG 2221:0 @!@!@
  |line 446, col 34 to line 446, col 83 of module ParallelRaftModified: 10170942
@!@!@ENDMSG 2221 @!@!@
@!@!@STARTMSG 2221:0 @!@!@
  ||line 446, col 34 to line 446, col 55 of module ParallelRaftModified: 10170942
@!@!@ENDMSG 2221 @!@!@
@!@!@STARTMSG 2221:0 @!@!@
  ||line 446, col 60 to line 446, col 83 of module ParallelRaftModified: 47
@!@!@ENDMSG 2221 @!@!@
@!@!@STARTMSG 2221:0 @!@!@
  |line 446, col 25 to line 446, col 30 of module ParallelRaftModified: 3390315
@!@!@ENDMSG 2221 @!@!@
@!@!@STARTMSG 2774:0 @!@!@
<Lemma7 line 447, col 1 to line 447, col 6 of module ParallelRaftModified>
@!@!@ENDMSG 2774 @!@!@
@!@!@STARTMSG 2221:0 @!@!@
  line 447, col 11 to line 447, col 52 of module ParallelRaftModified: 3390315
@!@!@ENDMSG 2221 @!@!@
@!@!@STARTMSG 2221:0 @!@!@
  |line 447, col 36 to line 447, col 52 of module ParallelRaftModified: 251044
@!@!@ENDMSG 2221 @!@!@
@!@!@STARTMSG 2221:0 @!@!@
  |line 447, col 20 to line 447, col 32 of module ParallelRaftModified: 3391049
@!@!@ENDMSG 2221 @!@!@
@!@!@STARTMSG 2774:0 @!@!@
<Lemma8 line 448, col 1 to line 448, col 6 of module ParallelRaftModified>
@!@!@ENDMSG 2774 @!@!@
@!@!@STARTMSG 2221:0 @!@!@
  line 448, col 11 to line 449, col 76 of module ParallelRaftModified: 3391057
@!@!@ENDMSG 2221 @!@!@
@!@!@STARTMSG 2221:0 @!@!@
  |line 448, col 44 to line 449, col 76 of module ParallelRaftModified: 183117016
@!@!@ENDMSG 2221 @!@!@
@!@!@STARTMSG 2221:0 @!@!@
  ||line 448, col 44 to line 448, col 74 of module ParallelRaftModified: 183117041
@!@!@ENDMSG 2221 @!@!@
@!@!@STARTMSG 2221:0 @!@!@
  ||line 449, col 44 to line 449, col 76 of module ParallelRaftModified: 183117046
@!@!@ENDMSG 2221 @!@!@
@!@!@STARTMSG 2221:0 @!@!@
  |line 448, col 22 to line 448, col 27 of module ParallelRaftModified: 3391057
@!@!@ENDMSG 2221 @!@!@
@!@!@STARTMSG 2221:0 @!@!@
  |line 448, col 36 to line 448, col 40 of module ParallelRaftModified: 3391057
@!@!@ENDMSG 2221 @!@!@
@!@!@STARTMSG 2774:0 @!@!@
<Lemma9 line 450, col 1 to line 450, col 6 of module ParallelRaftModified>
@!@!@ENDMSG 2774 @!@!@
@!@!@STARTMSG 2221:0 @!@!@
  line 450, col 11 to line 450, col 55 of module ParallelRaftModified: 3391058
@!@!@ENDMSG 2221 @!@!@
@!@!@STARTMSG 2221:0 @!@!@
  |line 450, col 36 to line 450, col 55 of module ParallelRaftModified: 12755
@!@!@ENDMSG 2221 @!@!@
@!@!@STARTMSG 2221:0 @!@!@
  |line 450, col 24 to line 450, col 32 of module ParallelRaftModified: 3391059
@!@!@ENDMSG 2221 @!@!@
@!@!@STARTMSG 2774:0 @!@!@
<Lemma10 line 451, col 1 to line 451, col 7 of module ParallelRaftModified>
@!@!@ENDMSG 2774 @!@!@
@!@!@STARTMSG 2221:0 @!@!@
  line 451, col 12 to line 452, col 47 of module ParallelRaftModified: 3391061
@!@!@ENDMSG 2221 @!@!@
@!@!@STARTMSG 2221:0 @!@!@
  |line 451, col 37 to line 452, col 47 of module ParallelRaftModified: 49
@!@!@ENDMSG 2221 @!@!@
@!@!@STARTMSG 2221:0 @!@!@
  |line 451, col 25 to line 451, col 33 of module ParallelRaftModified: 3391061
@!@!@ENDMSG 2221 @!@!@
@!@!@STARTMSG 2774:0 @!@!@
<Lemma11 line 453, col 1 to line 453, col 7 of module ParallelRaftModified>
@!@!@ENDMSG 2774 @!@!@
@!@!@STARTMSG 2221:0 @!@!@
  line 455, col 13 to line 457, col 33 of module ParallelRaftModified: 3391064
@!@!@ENDMSG 2221 @!@!@
@!@!@STARTMSG 2221:0 @!@!@
  |line 455, col 31 to line 457, col 33 of module ParallelRaftModified: 10173192
@!@!@ENDMSG 2221 @!@!@
@!@!@STARTMSG 2221:0 @!@!@
  ||line 456, col 13 to line 457, col 33 of module ParallelRaftModified: 61039152
@!@!@ENDMSG 2221 @!@!@
@!@!@STARTMSG 2221:0 @!@!@
  |||line 456, col 13 to line 456, col 61 of module ParallelRaftModified: 61039152
@!@!@ENDMSG 2221 @!@!@
@!@!@STARTMSG 2221:0 @!@!@
  ||||line 456, col 13 to line 456, col 23 of module ParallelRaftModified: 61039152
@!@!@ENDMSG 2221 @!@!@
@!@!@STARTMSG 2221:0 @!@!@
  ||||line 456, col 29 to line 456, col 60 of module ParallelRaftModified: 7436
@!@!@ENDMSG 2221 @!@!@
@!@!@STARTMSG 2221:0 @!@!@
  |||||line 456, col 50 to line 456, col 60 of module ParallelRaftModified: 104
@!@!@ENDMSG 2221 @!@!@
@!@!@STARTMSG 2221:0 @!@!@
  |||||line 456, col 38 to line 456, col 46 of module ParallelRaftModified: 7436
@!@!@ENDMSG 2221 @!@!@
@!@!@STARTMSG 2221:0 @!@!@
  ||line 455, col 40 to line 455, col 43 of module ParallelRaftModified: 10173195
@!@!@ENDMSG 2221 @!@!@
@!@!@STARTMSG 2221:0 @!@!@
  |line 455, col 22 to line 455, col 27 of module ParallelRaftModified: 3391066
@!@!@ENDMSG 2221 @!@!@
@!@!@STARTMSG 2774:0 @!@!@
<Lemma12 line 458, col 1 to line 458, col 7 of module ParallelRaftModified>
@!@!@ENDMSG 2774 @!@!@
@!@!@STARTMSG 2221:0 @!@!@
  line 458, col 12 to line 458, col 77 of module ParallelRaftModified: 3391068
@!@!@ENDMSG 2221 @!@!@
@!@!@STARTMSG 2221:0 @!@!@
  |line 458, col 30 to line 458, col 77 of module ParallelRaftModified: 10173204
@!@!@ENDMSG 2221 @!@!@
@!@!@STARTMSG 2221:0 @!@!@
  ||line 458, col 56 to line 458, col 77 of module ParallelRaftModified: 61039224
@!@!@ENDMSG 2221 @!@!@
@!@!@STARTMSG 2221:0 @!@!@
  ||line 458, col 39 to line 458, col 51 of module ParallelRaftModified: 10173204
@!@!@ENDMSG 2221 @!@!@
@!@!@STARTMSG 2775:0 @!@!@
  |||line 438, col 18 to line 438, col 48 of module ParallelRaftModified: 10175394:71227758
@!@!@ENDMSG 2775 @!@!@
@!@!@STARTMSG 2221:0 @!@!@
  ||||line 438, col 19 to line 438, col 33 of module ParallelRaftModified: 61052454
@!@!@ENDMSG 2221 @!@!@
@!@!@STARTMSG 2221:0 @!@!@
  ||||line 438, col 43 to line 438, col 47 of module ParallelRaftModified: 10175409
@!@!@ENDMSG 2221 @!@!@
@!@!@STARTMSG 2221:0 @!@!@
  |||line 458, col 50 to line 458, col 50 of module ParallelRaftModified: 10175409
@!@!@ENDMSG 2221 @!@!@
@!@!@STARTMSG 2221:0 @!@!@
  |line 458, col 21 to line 458, col 26 of module ParallelRaftModified: 3391803
@!@!@ENDMSG 2221 @!@!@
@!@!@STARTMSG 2774:0 @!@!@
<Lemma13 line 459, col 1 to line 459, col 7 of module ParallelRaftModified>
@!@!@ENDMSG 2774 @!@!@
@!@!@STARTMSG 2221:0 @!@!@
  line 459, col 12 to line 459, col 101 of module ParallelRaftModified: 3391809
@!@!@ENDMSG 2221 @!@!@
@!@!@STARTMSG 2221:0 @!@!@
  |line 459, col 37 to line 459, col 101 of module ParallelRaftModified: 251078
@!@!@ENDMSG 2221 @!@!@
@!@!@STARTMSG 2221:0 @!@!@
  ||line 459, col 58 to line 459, col 101 of module ParallelRaftModified: 49
@!@!@ENDMSG 2221 @!@!@
@!@!@STARTMSG 2221:0 @!@!@
  ||line 459, col 46 to line 459, col 54 of module ParallelRaftModified: 251078
@!@!@ENDMSG 2221 @!@!@
@!@!@STARTMSG 2221:0 @!@!@
  |line 459, col 21 to line 459, col 33 of module ParallelRaftModified: 3391812
@!@!@ENDMSG 2221 @!@!@
@!@!@STARTMSG 2202:0 @!@!@
End of statistics.
@!@!@ENDMSG 2202 @!@!@
@!@!@STARTMSG 2200:0 @!@!@
Progress(16) at 2020-06-26 17:43:27: 20,977,438 states generated (4,676,866 s/min), 4,361,823 distinct states found (984,852 ds/min), 3,071,836 states left on queue.
@!@!@ENDMSG 2200 @!@!@
@!@!@STARTMSG 2200:0 @!@!@
Progress(17) at 2020-06-26 17:44:27: 26,520,497 states generated (5,543,059 s/min), 5,403,614 distinct states found (1,041,791 ds/min), 3,773,431 states left on queue.
@!@!@ENDMSG 2200 @!@!@
